<?xml version="1.0" encoding="UTF-8"?>
<testsuite xmlns:xsi="http://www.w3.org/2001/XMLSchema-instance" xsi:noNamespaceSchemaLocation="https://maven.apache.org/surefire/maven-surefire-plugin/xsd/surefire-test-report-3.0.xsd" version="3.0" name="com.crackit.SpringSecurityJWT.SpringSecurityJwtApplicationTests" time="8.502" tests="1" errors="0" skipped="0" failures="0">
  <properties>
[...]
</properties>
  <testcase name="contextLoads" classname="com.crackit.SpringSecurityJWT.SpringSecurityJwtApplicationTests" time="0.556">
    <system-out><![CDATA[04:51:37.847 [main] INFO org.springframework.test.context.support.AnnotationConfigContextLoaderUtils -- Could not detect default configuration classes for test class [com.crackit.SpringSecurityJWT.SpringSecurityJwtApplicationTests]: SpringSecurityJwtApplicationTests does not declare any static, non-private, non-final, nested classes annotated with @Configuration.
04:51:37.995 [main] INFO org.springframework.boot.test.context.SpringBootTestContextBootstrapper -- Found @SpringBootConfiguration com.crackit.SpringSecurityJWT.SpringSecurityJwtApplication for test class com.crackit.SpringSecurityJWT.SpringSecurityJwtApplicationTests

  .   ____          _            __ _ _
 /\\ / ___'_ __ _ _(_)_ __  __ _ \ \ \ \
( ( )\___ | '_ | '_| | '_ \/ _` | \ \ \ \
 \\/  ___)| |_)| | | | | || (_| |  ) ) ) )
  '  |____| .__|_| |_|_| |_\__, | / / / /
 =========|_|==============|___/=/_/_/_/
 :: Spring Boot ::                (v3.2.3)

2024-05-19T04:51:38.704+03:00  INFO 37128 --- [           main] c.c.S.SpringSecurityJwtApplicationTests  : Starting SpringSecurityJwtApplicationTests using Java 17.0.2 with PID 37128 (started by brken in C:\Users\brken\Desktop\DrugProject2)
2024-05-19T04:51:38.706+03:00  INFO 37128 --- [           main] c.c.S.SpringSecurityJwtApplicationTests  : No active profile set, falling back to 1 default profile: "default"
2024-05-19T04:51:39.820+03:00  INFO 37128 --- [           main] .s.d.r.c.RepositoryConfigurationDelegate : Bootstrapping Spring Data JPA repositories in DEFAULT mode.
2024-05-19T04:51:39.924+03:00  INFO 37128 --- [           main] .s.d.r.c.RepositoryConfigurationDelegate : Finished Spring Data repository scanning in 90 ms. Found 3 JPA repository interfaces.
2024-05-19T04:51:40.633+03:00  INFO 37128 --- [           main] o.hibernate.jpa.internal.util.LogHelper  : HHH000204: Processing PersistenceUnitInfo [name: default]
2024-05-19T04:51:40.742+03:00  INFO 37128 --- [           main] org.hibernate.Version                    : HHH000412: Hibernate ORM core version 6.4.4.Final
2024-05-19T04:51:40.795+03:00  INFO 37128 --- [           main] o.h.c.internal.RegionFactoryInitiator    : HHH000026: Second-level cache disabled
2024-05-19T04:51:40.949+03:00 DEBUG 37128 --- [           main] org.hibernate.type.BasicTypeRegistry     : Adding type registration boolean -> org.hibernate.type.BasicTypeReference@2055833f
2024-05-19T04:51:40.950+03:00 DEBUG 37128 --- [           main] org.hibernate.type.BasicTypeRegistry     : Adding type registration boolean -> org.hibernate.type.BasicTypeReference@2055833f
2024-05-19T04:51:40.950+03:00 DEBUG 37128 --- [           main] org.hibernate.type.BasicTypeRegistry     : Adding type registration java.lang.Boolean -> org.hibernate.type.BasicTypeReference@2055833f
2024-05-19T04:51:40.950+03:00 DEBUG 37128 --- [           main] org.hibernate.type.BasicTypeRegistry     : Adding type registration numeric_boolean -> org.hibernate.type.BasicTypeReference@28768e25
2024-05-19T04:51:40.950+03:00 DEBUG 37128 --- [           main] org.hibernate.type.BasicTypeRegistry     : Adding type registration org.hibernate.type.NumericBooleanConverter -> org.hibernate.type.BasicTypeReference@28768e25
2024-05-19T04:51:40.950+03:00 DEBUG 37128 --- [           main] org.hibernate.type.BasicTypeRegistry     : Adding type registration true_false -> org.hibernate.type.BasicTypeReference@310d57b1
2024-05-19T04:51:40.950+03:00 DEBUG 37128 --- [           main] org.hibernate.type.BasicTypeRegistry     : Adding type registration org.hibernate.type.TrueFalseConverter -> org.hibernate.type.BasicTypeReference@310d57b1
2024-05-19T04:51:40.950+03:00 DEBUG 37128 --- [           main] org.hibernate.type.BasicTypeRegistry     : Adding type registration yes_no -> org.hibernate.type.BasicTypeReference@143fefaf
2024-05-19T04:51:40.950+03:00 DEBUG 37128 --- [           main] org.hibernate.type.BasicTypeRegistry     : Adding type registration org.hibernate.type.YesNoConverter -> org.hibernate.type.BasicTypeReference@143fefaf
2024-05-19T04:51:40.951+03:00 DEBUG 37128 --- [           main] org.hibernate.type.BasicTypeRegistry     : Adding type registration byte -> org.hibernate.type.BasicTypeReference@18ffca6c
2024-05-19T04:51:40.951+03:00 DEBUG 37128 --- [           main] org.hibernate.type.BasicTypeRegistry     : Adding type registration byte -> org.hibernate.type.BasicTypeReference@18ffca6c
2024-05-19T04:51:40.951+03:00 DEBUG 37128 --- [           main] org.hibernate.type.BasicTypeRegistry     : Adding type registration java.lang.Byte -> org.hibernate.type.BasicTypeReference@18ffca6c
2024-05-19T04:51:40.951+03:00 DEBUG 37128 --- [           main] org.hibernate.type.BasicTypeRegistry     : Adding type registration binary -> org.hibernate.type.BasicTypeReference@46468f0
2024-05-19T04:51:40.951+03:00 DEBUG 37128 --- [           main] org.hibernate.type.BasicTypeRegistry     : Adding type registration byte[] -> org.hibernate.type.BasicTypeReference@46468f0
2024-05-19T04:51:40.951+03:00 DEBUG 37128 --- [           main] org.hibernate.type.BasicTypeRegistry     : Adding type registration [B -> org.hibernate.type.BasicTypeReference@46468f0
2024-05-19T04:51:40.951+03:00 DEBUG 37128 --- [           main] org.hibernate.type.BasicTypeRegistry     : Adding type registration binary_wrapper -> org.hibernate.type.BasicTypeReference@52ecc989
2024-05-19T04:51:40.952+03:00 DEBUG 37128 --- [           main] org.hibernate.type.BasicTypeRegistry     : Adding type registration wrapper-binary -> org.hibernate.type.BasicTypeReference@52ecc989
2024-05-19T04:51:40.952+03:00 DEBUG 37128 --- [           main] org.hibernate.type.BasicTypeRegistry     : Adding type registration image -> org.hibernate.type.BasicTypeReference@756808cc
2024-05-19T04:51:40.952+03:00 DEBUG 37128 --- [           main] org.hibernate.type.BasicTypeRegistry     : Adding type registration blob -> org.hibernate.type.BasicTypeReference@52f8a6f4
2024-05-19T04:51:40.952+03:00 DEBUG 37128 --- [           main] org.hibernate.type.BasicTypeRegistry     : Adding type registration java.sql.Blob -> org.hibernate.type.BasicTypeReference@52f8a6f4
2024-05-19T04:51:40.952+03:00 DEBUG 37128 --- [           main] org.hibernate.type.BasicTypeRegistry     : Adding type registration materialized_blob -> org.hibernate.type.BasicTypeReference@5012c571
2024-05-19T04:51:40.952+03:00 DEBUG 37128 --- [           main] org.hibernate.type.BasicTypeRegistry     : Adding type registration materialized_blob_wrapper -> org.hibernate.type.BasicTypeReference@6486fe7b
2024-05-19T04:51:40.952+03:00 DEBUG 37128 --- [           main] org.hibernate.type.BasicTypeRegistry     : Adding type registration short -> org.hibernate.type.BasicTypeReference@511da44f
2024-05-19T04:51:40.952+03:00 DEBUG 37128 --- [           main] org.hibernate.type.BasicTypeRegistry     : Adding type registration short -> org.hibernate.type.BasicTypeReference@511da44f
2024-05-19T04:51:40.952+03:00 DEBUG 37128 --- [           main] org.hibernate.type.BasicTypeRegistry     : Adding type registration java.lang.Short -> org.hibernate.type.BasicTypeReference@511da44f
2024-05-19T04:51:40.952+03:00 DEBUG 37128 --- [           main] org.hibernate.type.BasicTypeRegistry     : Adding type registration integer -> org.hibernate.type.BasicTypeReference@4645679e
2024-05-19T04:51:40.953+03:00 DEBUG 37128 --- [           main] org.hibernate.type.BasicTypeRegistry     : Adding type registration int -> org.hibernate.type.BasicTypeReference@4645679e
2024-05-19T04:51:40.953+03:00 DEBUG 37128 --- [           main] org.hibernate.type.BasicTypeRegistry     : Adding type registration java.lang.Integer -> org.hibernate.type.BasicTypeReference@4645679e
2024-05-19T04:51:40.953+03:00 DEBUG 37128 --- [           main] org.hibernate.type.BasicTypeRegistry     : Adding type registration long -> org.hibernate.type.BasicTypeReference@3a0b6a
2024-05-19T04:51:40.953+03:00 DEBUG 37128 --- [           main] org.hibernate.type.BasicTypeRegistry     : Adding type registration long -> org.hibernate.type.BasicTypeReference@3a0b6a
2024-05-19T04:51:40.953+03:00 DEBUG 37128 --- [           main] org.hibernate.type.BasicTypeRegistry     : Adding type registration java.lang.Long -> org.hibernate.type.BasicTypeReference@3a0b6a
2024-05-19T04:51:40.953+03:00 DEBUG 37128 --- [           main] org.hibernate.type.BasicTypeRegistry     : Adding type registration float -> org.hibernate.type.BasicTypeReference@539c4830
2024-05-19T04:51:40.953+03:00 DEBUG 37128 --- [           main] org.hibernate.type.BasicTypeRegistry     : Adding type registration float -> org.hibernate.type.BasicTypeReference@539c4830
2024-05-19T04:51:40.953+03:00 DEBUG 37128 --- [           main] org.hibernate.type.BasicTypeRegistry     : Adding type registration java.lang.Float -> org.hibernate.type.BasicTypeReference@539c4830
2024-05-19T04:51:40.953+03:00 DEBUG 37128 --- [           main] org.hibernate.type.BasicTypeRegistry     : Adding type registration double -> org.hibernate.type.BasicTypeReference@6f1fa1d0
2024-05-19T04:51:40.953+03:00 DEBUG 37128 --- [           main] org.hibernate.type.BasicTypeRegistry     : Adding type registration double -> org.hibernate.type.BasicTypeReference@6f1fa1d0
2024-05-19T04:51:40.953+03:00 DEBUG 37128 --- [           main] org.hibernate.type.BasicTypeRegistry     : Adding type registration java.lang.Double -> org.hibernate.type.BasicTypeReference@6f1fa1d0
2024-05-19T04:51:40.954+03:00 DEBUG 37128 --- [           main] org.hibernate.type.BasicTypeRegistry     : Adding type registration big_integer -> org.hibernate.type.BasicTypeReference@28b523a
2024-05-19T04:51:40.954+03:00 DEBUG 37128 --- [           main] org.hibernate.type.BasicTypeRegistry     : Adding type registration java.math.BigInteger -> org.hibernate.type.BasicTypeReference@28b523a
2024-05-19T04:51:40.954+03:00 DEBUG 37128 --- [           main] org.hibernate.type.BasicTypeRegistry     : Adding type registration big_decimal -> org.hibernate.type.BasicTypeReference@52ba685a
2024-05-19T04:51:40.954+03:00 DEBUG 37128 --- [           main] org.hibernate.type.BasicTypeRegistry     : Adding type registration java.math.BigDecimal -> org.hibernate.type.BasicTypeReference@52ba685a
2024-05-19T04:51:40.954+03:00 DEBUG 37128 --- [           main] org.hibernate.type.BasicTypeRegistry     : Adding type registration character -> org.hibernate.type.BasicTypeReference@63d677f5
2024-05-19T04:51:40.954+03:00 DEBUG 37128 --- [           main] org.hibernate.type.BasicTypeRegistry     : Adding type registration char -> org.hibernate.type.BasicTypeReference@63d677f5
2024-05-19T04:51:40.954+03:00 DEBUG 37128 --- [           main] org.hibernate.type.BasicTypeRegistry     : Adding type registration java.lang.Character -> org.hibernate.type.BasicTypeReference@63d677f5
2024-05-19T04:51:40.954+03:00 DEBUG 37128 --- [           main] org.hibernate.type.BasicTypeRegistry     : Adding type registration character_nchar -> org.hibernate.type.BasicTypeReference@71d55b7e
2024-05-19T04:51:40.954+03:00 DEBUG 37128 --- [           main] org.hibernate.type.BasicTypeRegistry     : Adding type registration string -> org.hibernate.type.BasicTypeReference@2997ddfc
2024-05-19T04:51:40.954+03:00 DEBUG 37128 --- [           main] org.hibernate.type.BasicTypeRegistry     : Adding type registration java.lang.String -> org.hibernate.type.BasicTypeReference@2997ddfc
2024-05-19T04:51:40.954+03:00 DEBUG 37128 --- [           main] org.hibernate.type.BasicTypeRegistry     : Adding type registration nstring -> org.hibernate.type.BasicTypeReference@28ee882c
2024-05-19T04:51:40.955+03:00 DEBUG 37128 --- [           main] org.hibernate.type.BasicTypeRegistry     : Adding type registration characters -> org.hibernate.type.BasicTypeReference@78d73b1b
2024-05-19T04:51:40.955+03:00 DEBUG 37128 --- [           main] org.hibernate.type.BasicTypeRegistry     : Adding type registration char[] -> org.hibernate.type.BasicTypeReference@78d73b1b
2024-05-19T04:51:40.955+03:00 DEBUG 37128 --- [           main] org.hibernate.type.BasicTypeRegistry     : Adding type registration [C -> org.hibernate.type.BasicTypeReference@78d73b1b
2024-05-19T04:51:40.955+03:00 DEBUG 37128 --- [           main] org.hibernate.type.BasicTypeRegistry     : Adding type registration wrapper-characters -> org.hibernate.type.BasicTypeReference@238291d4
2024-05-19T04:51:40.955+03:00 DEBUG 37128 --- [           main] org.hibernate.type.BasicTypeRegistry     : Adding type registration text -> org.hibernate.type.BasicTypeReference@34edd065
2024-05-19T04:51:40.955+03:00 DEBUG 37128 --- [           main] org.hibernate.type.BasicTypeRegistry     : Adding type registration ntext -> org.hibernate.type.BasicTypeReference@681e913c
2024-05-19T04:51:40.955+03:00 DEBUG 37128 --- [           main] org.hibernate.type.BasicTypeRegistry     : Adding type registration clob -> org.hibernate.type.BasicTypeReference@29d070c7
2024-05-19T04:51:40.955+03:00 DEBUG 37128 --- [           main] org.hibernate.type.BasicTypeRegistry     : Adding type registration java.sql.Clob -> org.hibernate.type.BasicTypeReference@29d070c7
2024-05-19T04:51:40.955+03:00 DEBUG 37128 --- [           main] org.hibernate.type.BasicTypeRegistry     : Adding type registration nclob -> org.hibernate.type.BasicTypeReference@1eeb5818
2024-05-19T04:51:40.955+03:00 DEBUG 37128 --- [           main] org.hibernate.type.BasicTypeRegistry     : Adding type registration java.sql.NClob -> org.hibernate.type.BasicTypeReference@1eeb5818
2024-05-19T04:51:40.956+03:00 DEBUG 37128 --- [           main] org.hibernate.type.BasicTypeRegistry     : Adding type registration materialized_clob -> org.hibernate.type.BasicTypeReference@44dfdd58
2024-05-19T04:51:40.956+03:00 DEBUG 37128 --- [           main] org.hibernate.type.BasicTypeRegistry     : Adding type registration materialized_clob_char_array -> org.hibernate.type.BasicTypeReference@58d4238e
2024-05-19T04:51:40.956+03:00 DEBUG 37128 --- [           main] org.hibernate.type.BasicTypeRegistry     : Adding type registration materialized_clob_character_array -> org.hibernate.type.BasicTypeReference@72a8361b
2024-05-19T04:51:40.956+03:00 DEBUG 37128 --- [           main] org.hibernate.type.BasicTypeRegistry     : Adding type registration materialized_nclob -> org.hibernate.type.BasicTypeReference@36478bce
2024-05-19T04:51:40.956+03:00 DEBUG 37128 --- [           main] org.hibernate.type.BasicTypeRegistry     : Adding type registration materialized_nclob_character_array -> org.hibernate.type.BasicTypeReference@c48b543
2024-05-19T04:51:40.956+03:00 DEBUG 37128 --- [           main] org.hibernate.type.BasicTypeRegistry     : Adding type registration materialized_nclob_char_array -> org.hibernate.type.BasicTypeReference@75793f17
2024-05-19T04:51:40.956+03:00 DEBUG 37128 --- [           main] org.hibernate.type.BasicTypeRegistry     : Adding type registration Duration -> org.hibernate.type.BasicTypeReference@4652c74d
2024-05-19T04:51:40.956+03:00 DEBUG 37128 --- [           main] org.hibernate.type.BasicTypeRegistry     : Adding type registration java.time.Duration -> org.hibernate.type.BasicTypeReference@4652c74d
2024-05-19T04:51:40.956+03:00 DEBUG 37128 --- [           main] org.hibernate.type.BasicTypeRegistry     : Adding type registration LocalDateTime -> org.hibernate.type.BasicTypeReference@4cc12db2
2024-05-19T04:51:40.956+03:00 DEBUG 37128 --- [           main] org.hibernate.type.BasicTypeRegistry     : Adding type registration java.time.LocalDateTime -> org.hibernate.type.BasicTypeReference@4cc12db2
2024-05-19T04:51:40.957+03:00 DEBUG 37128 --- [           main] org.hibernate.type.BasicTypeRegistry     : Adding type registration LocalDate -> org.hibernate.type.BasicTypeReference@5ea7bc4
2024-05-19T04:51:40.957+03:00 DEBUG 37128 --- [           main] org.hibernate.type.BasicTypeRegistry     : Adding type registration java.time.LocalDate -> org.hibernate.type.BasicTypeReference@5ea7bc4
2024-05-19T04:51:40.957+03:00 DEBUG 37128 --- [           main] org.hibernate.type.BasicTypeRegistry     : Adding type registration LocalTime -> org.hibernate.type.BasicTypeReference@39d77de9
2024-05-19T04:51:40.957+03:00 DEBUG 37128 --- [           main] org.hibernate.type.BasicTypeRegistry     : Adding type registration java.time.LocalTime -> org.hibernate.type.BasicTypeReference@39d77de9
2024-05-19T04:51:40.957+03:00 DEBUG 37128 --- [           main] org.hibernate.type.BasicTypeRegistry     : Adding type registration OffsetDateTime -> org.hibernate.type.BasicTypeReference@696fad31
2024-05-19T04:51:40.957+03:00 DEBUG 37128 --- [           main] org.hibernate.type.BasicTypeRegistry     : Adding type registration java.time.OffsetDateTime -> org.hibernate.type.BasicTypeReference@696fad31
2024-05-19T04:51:40.957+03:00 DEBUG 37128 --- [           main] org.hibernate.type.BasicTypeRegistry     : Adding type registration OffsetDateTimeWithTimezone -> org.hibernate.type.BasicTypeReference@2c06b113
2024-05-19T04:51:40.957+03:00 DEBUG 37128 --- [           main] org.hibernate.type.BasicTypeRegistry     : Adding type registration OffsetDateTimeWithoutTimezone -> org.hibernate.type.BasicTypeReference@7a64cb0c
2024-05-19T04:51:40.957+03:00 DEBUG 37128 --- [           main] org.hibernate.type.BasicTypeRegistry     : Adding type registration OffsetTime -> org.hibernate.type.BasicTypeReference@785ed99c
2024-05-19T04:51:40.957+03:00 DEBUG 37128 --- [           main] org.hibernate.type.BasicTypeRegistry     : Adding type registration java.time.OffsetTime -> org.hibernate.type.BasicTypeReference@785ed99c
2024-05-19T04:51:40.957+03:00 DEBUG 37128 --- [           main] org.hibernate.type.BasicTypeRegistry     : Adding type registration OffsetTimeUtc -> org.hibernate.type.BasicTypeReference@6c4ce583
2024-05-19T04:51:40.957+03:00 DEBUG 37128 --- [           main] org.hibernate.type.BasicTypeRegistry     : Adding type registration OffsetTimeWithTimezone -> org.hibernate.type.BasicTypeReference@755b5f30
2024-05-19T04:51:40.958+03:00 DEBUG 37128 --- [           main] org.hibernate.type.BasicTypeRegistry     : Adding type registration OffsetTimeWithoutTimezone -> org.hibernate.type.BasicTypeReference@29bbc63c
2024-05-19T04:51:40.958+03:00 DEBUG 37128 --- [           main] org.hibernate.type.BasicTypeRegistry     : Adding type registration ZonedDateTime -> org.hibernate.type.BasicTypeReference@272778ae
2024-05-19T04:51:40.958+03:00 DEBUG 37128 --- [           main] org.hibernate.type.BasicTypeRegistry     : Adding type registration java.time.ZonedDateTime -> org.hibernate.type.BasicTypeReference@272778ae
2024-05-19T04:51:40.958+03:00 DEBUG 37128 --- [           main] org.hibernate.type.BasicTypeRegistry     : Adding type registration ZonedDateTimeWithTimezone -> org.hibernate.type.BasicTypeReference@2cccf134
2024-05-19T04:51:40.958+03:00 DEBUG 37128 --- [           main] org.hibernate.type.BasicTypeRegistry     : Adding type registration ZonedDateTimeWithoutTimezone -> org.hibernate.type.BasicTypeReference@3c18942
2024-05-19T04:51:40.958+03:00 DEBUG 37128 --- [           main] org.hibernate.type.BasicTypeRegistry     : Adding type registration date -> org.hibernate.type.BasicTypeReference@743c3520
2024-05-19T04:51:40.958+03:00 DEBUG 37128 --- [           main] org.hibernate.type.BasicTypeRegistry     : Adding type registration java.sql.Date -> org.hibernate.type.BasicTypeReference@743c3520
2024-05-19T04:51:40.958+03:00 DEBUG 37128 --- [           main] org.hibernate.type.BasicTypeRegistry     : Adding type registration time -> org.hibernate.type.BasicTypeReference@6842c101
2024-05-19T04:51:40.958+03:00 DEBUG 37128 --- [           main] org.hibernate.type.BasicTypeRegistry     : Adding type registration java.sql.Time -> org.hibernate.type.BasicTypeReference@6842c101
2024-05-19T04:51:40.958+03:00 DEBUG 37128 --- [           main] org.hibernate.type.BasicTypeRegistry     : Adding type registration timestamp -> org.hibernate.type.BasicTypeReference@234cd86c
2024-05-19T04:51:40.958+03:00 DEBUG 37128 --- [           main] org.hibernate.type.BasicTypeRegistry     : Adding type registration java.sql.Timestamp -> org.hibernate.type.BasicTypeReference@234cd86c
2024-05-19T04:51:40.959+03:00 DEBUG 37128 --- [           main] org.hibernate.type.BasicTypeRegistry     : Adding type registration java.util.Date -> org.hibernate.type.BasicTypeReference@234cd86c
2024-05-19T04:51:40.959+03:00 DEBUG 37128 --- [           main] org.hibernate.type.BasicTypeRegistry     : Adding type registration calendar -> org.hibernate.type.BasicTypeReference@2c48cede
2024-05-19T04:51:40.959+03:00 DEBUG 37128 --- [           main] org.hibernate.type.BasicTypeRegistry     : Adding type registration java.util.Calendar -> org.hibernate.type.BasicTypeReference@2c48cede
2024-05-19T04:51:40.959+03:00 DEBUG 37128 --- [           main] org.hibernate.type.BasicTypeRegistry     : Adding type registration java.util.GregorianCalendar -> org.hibernate.type.BasicTypeReference@2c48cede
2024-05-19T04:51:40.959+03:00 DEBUG 37128 --- [           main] org.hibernate.type.BasicTypeRegistry     : Adding type registration calendar_date -> org.hibernate.type.BasicTypeReference@39c87b42
2024-05-19T04:51:40.959+03:00 DEBUG 37128 --- [           main] org.hibernate.type.BasicTypeRegistry     : Adding type registration calendar_time -> org.hibernate.type.BasicTypeReference@47fcefb3
2024-05-19T04:51:40.959+03:00 DEBUG 37128 --- [           main] org.hibernate.type.BasicTypeRegistry     : Adding type registration instant -> org.hibernate.type.BasicTypeReference@236c098
2024-05-19T04:51:40.960+03:00 DEBUG 37128 --- [           main] org.hibernate.type.BasicTypeRegistry     : Adding type registration java.time.Instant -> org.hibernate.type.BasicTypeReference@236c098
2024-05-19T04:51:40.960+03:00 DEBUG 37128 --- [           main] org.hibernate.type.BasicTypeRegistry     : Adding type registration uuid -> org.hibernate.type.BasicTypeReference@68e2d03e
2024-05-19T04:51:40.960+03:00 DEBUG 37128 --- [           main] org.hibernate.type.BasicTypeRegistry     : Adding type registration java.util.UUID -> org.hibernate.type.BasicTypeReference@68e2d03e
2024-05-19T04:51:40.960+03:00 DEBUG 37128 --- [           main] org.hibernate.type.BasicTypeRegistry     : Adding type registration pg-uuid -> org.hibernate.type.BasicTypeReference@68e2d03e
2024-05-19T04:51:40.960+03:00 DEBUG 37128 --- [           main] org.hibernate.type.BasicTypeRegistry     : Adding type registration uuid-binary -> org.hibernate.type.BasicTypeReference@120aa40b
2024-05-19T04:51:40.960+03:00 DEBUG 37128 --- [           main] org.hibernate.type.BasicTypeRegistry     : Adding type registration uuid-char -> org.hibernate.type.BasicTypeReference@32ab408e
2024-05-19T04:51:40.960+03:00 DEBUG 37128 --- [           main] org.hibernate.type.BasicTypeRegistry     : Adding type registration class -> org.hibernate.type.BasicTypeReference@6ad6443
2024-05-19T04:51:40.960+03:00 DEBUG 37128 --- [           main] org.hibernate.type.BasicTypeRegistry     : Adding type registration java.lang.Class -> org.hibernate.type.BasicTypeReference@6ad6443
2024-05-19T04:51:40.960+03:00 DEBUG 37128 --- [           main] org.hibernate.type.BasicTypeRegistry     : Adding type registration currency -> org.hibernate.type.BasicTypeReference@78b03788
2024-05-19T04:51:40.960+03:00 DEBUG 37128 --- [           main] org.hibernate.type.BasicTypeRegistry     : Adding type registration Currency -> org.hibernate.type.BasicTypeReference@78b03788
2024-05-19T04:51:40.960+03:00 DEBUG 37128 --- [           main] org.hibernate.type.BasicTypeRegistry     : Adding type registration java.util.Currency -> org.hibernate.type.BasicTypeReference@78b03788
2024-05-19T04:51:40.961+03:00 DEBUG 37128 --- [           main] org.hibernate.type.BasicTypeRegistry     : Adding type registration locale -> org.hibernate.type.BasicTypeReference@3f5dfe69
2024-05-19T04:51:40.961+03:00 DEBUG 37128 --- [           main] org.hibernate.type.BasicTypeRegistry     : Adding type registration java.util.Locale -> org.hibernate.type.BasicTypeReference@3f5dfe69
2024-05-19T04:51:40.961+03:00 DEBUG 37128 --- [           main] org.hibernate.type.BasicTypeRegistry     : Adding type registration serializable -> org.hibernate.type.BasicTypeReference@571a663c
2024-05-19T04:51:40.961+03:00 DEBUG 37128 --- [           main] org.hibernate.type.BasicTypeRegistry     : Adding type registration java.io.Serializable -> org.hibernate.type.BasicTypeReference@571a663c
2024-05-19T04:51:40.961+03:00 DEBUG 37128 --- [           main] org.hibernate.type.BasicTypeRegistry     : Adding type registration timezone -> org.hibernate.type.BasicTypeReference@3a788fe0
2024-05-19T04:51:40.961+03:00 DEBUG 37128 --- [           main] org.hibernate.type.BasicTypeRegistry     : Adding type registration java.util.TimeZone -> org.hibernate.type.BasicTypeReference@3a788fe0
2024-05-19T04:51:40.961+03:00 DEBUG 37128 --- [           main] org.hibernate.type.BasicTypeRegistry     : Adding type registration ZoneOffset -> org.hibernate.type.BasicTypeReference@430df350
2024-05-19T04:51:40.961+03:00 DEBUG 37128 --- [           main] org.hibernate.type.BasicTypeRegistry     : Adding type registration java.time.ZoneOffset -> org.hibernate.type.BasicTypeReference@430df350
2024-05-19T04:51:40.961+03:00 DEBUG 37128 --- [           main] org.hibernate.type.BasicTypeRegistry     : Adding type registration url -> org.hibernate.type.BasicTypeReference@1373e3ee
2024-05-19T04:51:40.961+03:00 DEBUG 37128 --- [           main] org.hibernate.type.BasicTypeRegistry     : Adding type registration java.net.URL -> org.hibernate.type.BasicTypeReference@1373e3ee
2024-05-19T04:51:40.962+03:00 DEBUG 37128 --- [           main] org.hibernate.type.BasicTypeRegistry     : Adding type registration vector -> org.hibernate.type.BasicTypeReference@175c5c3a
2024-05-19T04:51:40.962+03:00 DEBUG 37128 --- [           main] org.hibernate.type.BasicTypeRegistry     : Adding type registration row_version -> org.hibernate.type.BasicTypeReference@69a5c6be
2024-05-19T04:51:40.969+03:00 DEBUG 37128 --- [           main] org.hibernate.type.BasicTypeRegistry     : Adding type registration object -> org.hibernate.type.JavaObjectType@33324c05
2024-05-19T04:51:40.970+03:00 DEBUG 37128 --- [           main] org.hibernate.type.BasicTypeRegistry     : Adding type registration java.lang.Object -> org.hibernate.type.JavaObjectType@33324c05
2024-05-19T04:51:40.971+03:00 DEBUG 37128 --- [           main] org.hibernate.type.BasicTypeRegistry     : Adding type registration null -> org.hibernate.type.NullType@7eb27768
2024-05-19T04:51:40.972+03:00 DEBUG 37128 --- [           main] org.hibernate.type.BasicTypeRegistry     : Adding type registration imm_date -> org.hibernate.type.BasicTypeReference@6169be09
2024-05-19T04:51:40.972+03:00 DEBUG 37128 --- [           main] org.hibernate.type.BasicTypeRegistry     : Adding type registration imm_time -> org.hibernate.type.BasicTypeReference@5e3db14
2024-05-19T04:51:40.972+03:00 DEBUG 37128 --- [           main] org.hibernate.type.BasicTypeRegistry     : Adding type registration imm_timestamp -> org.hibernate.type.BasicTypeReference@5fb54740
2024-05-19T04:51:40.972+03:00 DEBUG 37128 --- [           main] org.hibernate.type.BasicTypeRegistry     : Adding type registration imm_calendar -> org.hibernate.type.BasicTypeReference@325162e9
2024-05-19T04:51:40.972+03:00 DEBUG 37128 --- [           main] org.hibernate.type.BasicTypeRegistry     : Adding type registration imm_calendar_date -> org.hibernate.type.BasicTypeReference@1ee40b5c
2024-05-19T04:51:40.972+03:00 DEBUG 37128 --- [           main] org.hibernate.type.BasicTypeRegistry     : Adding type registration imm_calendar_time -> org.hibernate.type.BasicTypeReference@5c448ef
2024-05-19T04:51:40.972+03:00 DEBUG 37128 --- [           main] org.hibernate.type.BasicTypeRegistry     : Adding type registration imm_binary -> org.hibernate.type.BasicTypeReference@703e8050
2024-05-19T04:51:40.972+03:00 DEBUG 37128 --- [           main] org.hibernate.type.BasicTypeRegistry     : Adding type registration imm_serializable -> org.hibernate.type.BasicTypeReference@49c1e294
2024-05-19T04:51:41.224+03:00  INFO 37128 --- [           main] o.s.o.j.p.SpringPersistenceUnitInfo      : No LoadTimeWeaver setup: ignoring JPA class transformer
2024-05-19T04:51:41.280+03:00  INFO 37128 --- [           main] com.zaxxer.hikari.HikariDataSource       : HikariPool-1 - Starting...
2024-05-19T04:51:41.679+03:00  INFO 37128 --- [           main] com.zaxxer.hikari.pool.HikariPool        : HikariPool-1 - Added connection com.mysql.cj.jdbc.ConnectionImpl@6dc2279c
2024-05-19T04:51:41.684+03:00  INFO 37128 --- [           main] com.zaxxer.hikari.HikariDataSource       : HikariPool-1 - Start completed.
2024-05-19T04:51:41.751+03:00  WARN 37128 --- [           main] org.hibernate.orm.deprecation            : HHH90000025: MySQL8Dialect does not need to be specified explicitly using 'hibernate.dialect' (remove the property setting and it will be selected by default)
2024-05-19T04:51:41.753+03:00  WARN 37128 --- [           main] org.hibernate.orm.deprecation            : HHH90000026: MySQL8Dialect has been deprecated; use org.hibernate.dialect.MySQLDialect instead
2024-05-19T04:51:41.787+03:00 DEBUG 37128 --- [           main] o.h.t.d.sql.spi.DdlTypeRegistry          : addDescriptor(12, org.hibernate.type.descriptor.sql.internal.CapacityDependentDdlType@290c266c) replaced previous registration(org.hibernate.type.descriptor.sql.internal.CapacityDependentDdlType@75b363c3)
2024-05-19T04:51:41.788+03:00 DEBUG 37128 --- [           main] o.h.t.d.sql.spi.DdlTypeRegistry          : addDescriptor(-9, org.hibernate.type.descriptor.sql.internal.CapacityDependentDdlType@6ea3a513) replaced previous registration(org.hibernate.type.descriptor.sql.internal.CapacityDependentDdlType@3c4059a)
2024-05-19T04:51:41.788+03:00 DEBUG 37128 --- [           main] o.h.t.d.sql.spi.DdlTypeRegistry          : addDescriptor(-3, org.hibernate.type.descriptor.sql.internal.CapacityDependentDdlType@4b336cc8) replaced previous registration(org.hibernate.type.descriptor.sql.internal.CapacityDependentDdlType@2570b316)
2024-05-19T04:51:41.788+03:00 DEBUG 37128 --- [           main] o.h.t.d.sql.spi.DdlTypeRegistry          : addDescriptor(4003, org.hibernate.type.descriptor.sql.internal.DdlTypeImpl@56881196) replaced previous registration(org.hibernate.type.descriptor.sql.internal.DdlTypeImpl@75c33608)
2024-05-19T04:51:41.788+03:00 DEBUG 37128 --- [           main] o.h.t.d.sql.spi.DdlTypeRegistry          : addDescriptor(4001, org.hibernate.type.descriptor.sql.internal.DdlTypeImpl@25464154) replaced previous registration(org.hibernate.type.descriptor.sql.internal.DdlTypeImpl@58ebee9)
2024-05-19T04:51:41.788+03:00 DEBUG 37128 --- [           main] o.h.t.d.sql.spi.DdlTypeRegistry          : addDescriptor(4002, org.hibernate.type.descriptor.sql.internal.DdlTypeImpl@131c0b6f) replaced previous registration(org.hibernate.type.descriptor.sql.internal.DdlTypeImpl@7f030c72)
2024-05-19T04:51:41.788+03:00 DEBUG 37128 --- [           main] o.h.t.d.sql.spi.DdlTypeRegistry          : addDescriptor(2004, org.hibernate.type.descriptor.sql.internal.CapacityDependentDdlType@68d8ae27) replaced previous registration(org.hibernate.type.descriptor.sql.internal.DdlTypeImpl@18513c23)
2024-05-19T04:51:41.788+03:00 DEBUG 37128 --- [           main] o.h.t.d.sql.spi.DdlTypeRegistry          : addDescriptor(2005, org.hibernate.type.descriptor.sql.internal.CapacityDependentDdlType@6be50b35) replaced previous registration(org.hibernate.type.descriptor.sql.internal.DdlTypeImpl@ce2eaa7)
2024-05-19T04:51:41.788+03:00 DEBUG 37128 --- [           main] o.h.t.d.sql.spi.DdlTypeRegistry          : addDescriptor(2011, org.hibernate.type.descriptor.sql.internal.CapacityDependentDdlType@2166c48a) replaced previous registration(org.hibernate.type.descriptor.sql.internal.DdlTypeImpl@304744a1)
2024-05-19T04:51:41.792+03:00 DEBUG 37128 --- [           main] o.h.t.d.jdbc.spi.JdbcTypeRegistry        : addDescriptor(NCharTypeDescriptor) replaced previous registration(CharTypeDescriptor)
2024-05-19T04:51:41.792+03:00 DEBUG 37128 --- [           main] o.h.t.d.jdbc.spi.JdbcTypeRegistry        : addDescriptor(NVarcharTypeDescriptor) replaced previous registration(VarcharTypeDescriptor)
2024-05-19T04:51:41.793+03:00 DEBUG 37128 --- [           main] o.h.t.d.jdbc.spi.JdbcTypeRegistry        : addDescriptor(LongNVarcharTypeDescriptor) replaced previous registration(LongVarcharTypeDescriptor)
2024-05-19T04:51:41.797+03:00 DEBUG 37128 --- [           main] o.h.t.d.jdbc.spi.JdbcTypeRegistry        : addDescriptor(NClobTypeDescriptor(DEFAULT)) replaced previous registration(ClobTypeDescriptor(DEFAULT))
2024-05-19T04:51:41.798+03:00 DEBUG 37128 --- [           main] o.h.t.d.jdbc.spi.JdbcTypeRegistry        : addDescriptor(2005, ClobTypeDescriptor(STREAM_BINDING)) replaced previous registration(ClobTypeDescriptor(DEFAULT))
2024-05-19T04:51:41.805+03:00 DEBUG 37128 --- [           main] org.hibernate.type.BasicTypeRegistry     : Adding type registration null -> org.hibernate.type.NullType@59e0d521
2024-05-19T04:51:41.805+03:00 DEBUG 37128 --- [           main] org.hibernate.type.BasicTypeRegistry     : Type registration key [null] overrode previous entry : `org.hibernate.type.NullType@7eb27768`
2024-05-19T04:51:41.813+03:00 DEBUG 37128 --- [           main] org.hibernate.type.BasicTypeRegistry     : Adding type registration org.hibernate.type.DurationType -> basicType@1(java.time.Duration,3015)
2024-05-19T04:51:41.813+03:00 DEBUG 37128 --- [           main] org.hibernate.type.BasicTypeRegistry     : Adding type registration Duration -> basicType@1(java.time.Duration,3015)
2024-05-19T04:51:41.813+03:00 DEBUG 37128 --- [           main] org.hibernate.type.BasicTypeRegistry     : Adding type registration java.time.Duration -> basicType@1(java.time.Duration,3015)
2024-05-19T04:51:41.823+03:00 DEBUG 37128 --- [           main] org.hibernate.type.BasicTypeRegistry     : Adding type registration org.hibernate.type.OffsetDateTimeType -> basicType@2(java.time.OffsetDateTime,3003)
2024-05-19T04:51:41.823+03:00 DEBUG 37128 --- [           main] org.hibernate.type.BasicTypeRegistry     : Adding type registration OffsetDateTime -> basicType@2(java.time.OffsetDateTime,3003)
2024-05-19T04:51:41.823+03:00 DEBUG 37128 --- [           main] org.hibernate.type.BasicTypeRegistry     : Adding type registration java.time.OffsetDateTime -> basicType@2(java.time.OffsetDateTime,3003)
2024-05-19T04:51:41.823+03:00 DEBUG 37128 --- [           main] org.hibernate.type.BasicTypeRegistry     : Adding type registration org.hibernate.type.ZonedDateTimeType -> basicType@3(java.time.ZonedDateTime,3003)
2024-05-19T04:51:41.823+03:00 DEBUG 37128 --- [           main] org.hibernate.type.BasicTypeRegistry     : Adding type registration ZonedDateTime -> basicType@3(java.time.ZonedDateTime,3003)
2024-05-19T04:51:41.823+03:00 DEBUG 37128 --- [           main] org.hibernate.type.BasicTypeRegistry     : Adding type registration java.time.ZonedDateTime -> basicType@3(java.time.ZonedDateTime,3003)
2024-05-19T04:51:41.825+03:00 DEBUG 37128 --- [           main] org.hibernate.type.BasicTypeRegistry     : Adding type registration org.hibernate.type.OffsetTimeType -> basicType@4(java.time.OffsetTime,3007)
2024-05-19T04:51:41.826+03:00 DEBUG 37128 --- [           main] org.hibernate.type.BasicTypeRegistry     : Adding type registration OffsetTime -> basicType@4(java.time.OffsetTime,3007)
2024-05-19T04:51:41.826+03:00 DEBUG 37128 --- [           main] org.hibernate.type.BasicTypeRegistry     : Adding type registration java.time.OffsetTime -> basicType@4(java.time.OffsetTime,3007)
2024-05-19T04:51:41.828+03:00 DEBUG 37128 --- [           main] o.h.type.spi.TypeConfiguration$Scope     : Scoping TypeConfiguration [org.hibernate.type.spi.TypeConfiguration@38e7860c] to MetadataBuildingContext [org.hibernate.boot.internal.MetadataBuildingContextRootImpl@62158991]
2024-05-19T04:51:43.057+03:00  INFO 37128 --- [           main] o.h.e.t.j.p.i.JtaPlatformInitiator       : HHH000489: No JTA platform available (set 'hibernate.transaction.jta.platform' to enable JTA platform integration)
2024-05-19T04:51:43.058+03:00 DEBUG 37128 --- [           main] o.h.type.spi.TypeConfiguration$Scope     : Scoping TypeConfiguration [org.hibernate.type.spi.TypeConfiguration@38e7860c] to SessionFactoryImplementor [org.hibernate.internal.SessionFactoryImpl@33060020]
2024-05-19T04:51:43.093+03:00 DEBUG 37128 --- [           main] org.hibernate.SQL                        : 
    alter table member_drug_stocks 
       drop 
       foreign key FK1lhifc9kpe4yq35ei7leqe323
Hibernate: 
    alter table member_drug_stocks 
       drop 
       foreign key FK1lhifc9kpe4yq35ei7leqe323
2024-05-19T04:51:43.114+03:00 DEBUG 37128 --- [           main] org.hibernate.SQL                        : 
    alter table member_drug_stocks 
       drop 
       foreign key FK1x9ue5fv9s9qx2tg9y974ndp2
Hibernate: 
    alter table member_drug_stocks 
       drop 
       foreign key FK1x9ue5fv9s9qx2tg9y974ndp2
2024-05-19T04:51:43.126+03:00 DEBUG 37128 --- [           main] org.hibernate.SQL                        : 
    drop table if exists _user
Hibernate: 
    drop table if exists _user
2024-05-19T04:51:43.139+03:00 DEBUG 37128 --- [           main] org.hibernate.SQL                        : 
    drop table if exists _user_seq
Hibernate: 
    drop table if exists _user_seq
2024-05-19T04:51:43.149+03:00 DEBUG 37128 --- [           main] org.hibernate.SQL                        : 
    drop table if exists drugs
Hibernate: 
    drop table if exists drugs
2024-05-19T04:51:43.159+03:00 DEBUG 37128 --- [           main] org.hibernate.SQL                        : 
    drop table if exists member_drug_stocks
Hibernate: 
    drop table if exists member_drug_stocks
2024-05-19T04:51:43.175+03:00 DEBUG 37128 --- [           main] org.hibernate.SQL                        : 
    create table _user (
        id integer not null,
        is_active bit not null,
        latitude float(53) not null,
        longitude float(53) not null,
        address varchar(255),
        city varchar(255),
        district varchar(255),
        eczane_adi varchar(255),
        email varchar(255),
        password varchar(255),
        phone_number varchar(255),
        role enum ('ADMIN','MEMBER'),
        primary key (id)
    ) engine=InnoDB
Hibernate: 
    create table _user (
        id integer not null,
        is_active bit not null,
        latitude float(53) not null,
        longitude float(53) not null,
        address varchar(255),
        city varchar(255),
        district varchar(255),
        eczane_adi varchar(255),
        email varchar(255),
        password varchar(255),
        phone_number varchar(255),
        role enum ('ADMIN','MEMBER'),
        primary key (id)
    ) engine=InnoDB
2024-05-19T04:51:43.198+03:00 DEBUG 37128 --- [           main] org.hibernate.SQL                        : 
    create table _user_seq (
        next_val bigint
    ) engine=InnoDB
Hibernate: 
    create table _user_seq (
        next_val bigint
    ) engine=InnoDB
2024-05-19T04:51:43.210+03:00 DEBUG 37128 --- [           main] org.hibernate.SQL                        : 
    insert into _user_seq values ( 1 )
Hibernate: 
    insert into _user_seq values ( 1 )
2024-05-19T04:51:43.214+03:00 DEBUG 37128 --- [           main] org.hibernate.SQL                        : 
    create table drugs (
        id bigint not null auto_increment,
        ilac_adi varchar(255),
        ilac_etken_maddesi varchar(255),
        ilac_grubu varchar(255),
        primary key (id)
    ) engine=InnoDB
Hibernate: 
    create table drugs (
        id bigint not null auto_increment,
        ilac_adi varchar(255),
        ilac_etken_maddesi varchar(255),
        ilac_grubu varchar(255),
        primary key (id)
    ) engine=InnoDB
2024-05-19T04:51:43.227+03:00 DEBUG 37128 --- [           main] org.hibernate.SQL                        : 
    create table member_drug_stocks (
        quantity integer not null,
        user_id integer not null,
        drug_id bigint not null,
        id bigint not null auto_increment,
        primary key (id)
    ) engine=InnoDB
Hibernate: 
    create table member_drug_stocks (
        quantity integer not null,
        user_id integer not null,
        drug_id bigint not null,
        id bigint not null auto_increment,
        primary key (id)
    ) engine=InnoDB
2024-05-19T04:51:43.240+03:00 DEBUG 37128 --- [           main] org.hibernate.SQL                        : 
    alter table _user 
       add constraint UK_s7w02glsbf3ef1skhse3qjyuo unique (eczane_adi)
Hibernate: 
    alter table _user 
       add constraint UK_s7w02glsbf3ef1skhse3qjyuo unique (eczane_adi)
2024-05-19T04:51:43.255+03:00 DEBUG 37128 --- [           main] org.hibernate.SQL                        : 
    alter table drugs 
       add constraint UK_d8gyr48a8gqq8dwy3kq3bcs7j unique (ilac_adi)
Hibernate: 
    alter table drugs 
       add constraint UK_d8gyr48a8gqq8dwy3kq3bcs7j unique (ilac_adi)
2024-05-19T04:51:43.268+03:00 DEBUG 37128 --- [           main] org.hibernate.SQL                        : 
    alter table member_drug_stocks 
       add constraint FK1lhifc9kpe4yq35ei7leqe323 
       foreign key (drug_id) 
       references drugs (id)
Hibernate: 
    alter table member_drug_stocks 
       add constraint FK1lhifc9kpe4yq35ei7leqe323 
       foreign key (drug_id) 
       references drugs (id)
2024-05-19T04:51:43.301+03:00 DEBUG 37128 --- [           main] org.hibernate.SQL                        : 
    alter table member_drug_stocks 
       add constraint FK1x9ue5fv9s9qx2tg9y974ndp2 
       foreign key (user_id) 
       references _user (id)
Hibernate: 
    alter table member_drug_stocks 
       add constraint FK1x9ue5fv9s9qx2tg9y974ndp2 
       foreign key (user_id) 
       references _user (id)
2024-05-19T04:51:43.358+03:00 TRACE 37128 --- [           main] o.h.type.spi.TypeConfiguration$Scope     : Handling #sessionFactoryCreated from [org.hibernate.internal.SessionFactoryImpl@33060020] for TypeConfiguration
2024-05-19T04:51:43.359+03:00  INFO 37128 --- [           main] j.LocalContainerEntityManagerFactoryBean : Initialized JPA EntityManagerFactory for persistence unit 'default'
2024-05-19T04:51:44.179+03:00  WARN 37128 --- [           main] JpaBaseConfiguration$JpaWebConfiguration : spring.jpa.open-in-view is enabled by default. Therefore, database queries may be performed during view rendering. Explicitly configure spring.jpa.open-in-view to disable this warning
2024-05-19T04:51:44.684+03:00  INFO 37128 --- [           main] o.s.s.web.DefaultSecurityFilterChain     : Will secure any request with [org.springframework.security.web.session.DisableEncodeUrlFilter@1e86b2d1, org.springframework.security.web.context.request.async.WebAsyncManagerIntegrationFilter@65029fc, org.springframework.security.web.context.SecurityContextHolderFilter@f83616, org.springframework.security.web.header.HeaderWriterFilter@7cb4d4ee, org.springframework.web.filter.CorsFilter@4865434e, org.springframework.security.web.authentication.logout.LogoutFilter@5e97da56, com.crackit.SpringSecurityJWT.config.JwtAuthFilter@3fed0c04, org.springframework.security.web.savedrequest.RequestCacheAwareFilter@5f0bf0ed, org.springframework.security.web.servletapi.SecurityContextHolderAwareRequestFilter@6f9e6a85, org.springframework.security.web.authentication.AnonymousAuthenticationFilter@3c6e407, org.springframework.security.web.session.SessionManagementFilter@2df7766b, org.springframework.security.web.access.ExceptionTranslationFilter@6cee52e2, org.springframework.security.web.access.intercept.AuthorizationFilter@443b9ebb]
2024-05-19T04:51:45.133+03:00  INFO 37128 --- [           main] c.c.S.SpringSecurityJwtApplicationTests  : Started SpringSecurityJwtApplicationTests in 6.873 seconds (process running for 8.22)
2024-05-19T04:51:45.351+03:00 DEBUG 37128 --- [           main] org.hibernate.SQL                        : 
    select
        u1_0.id,
        u1_0.address,
        u1_0.city,
        u1_0.district,
        u1_0.eczane_adi,
        u1_0.email,
        u1_0.is_active,
        u1_0.latitude,
        u1_0.longitude,
        u1_0.password,
        u1_0.phone_number,
        u1_0.role 
    from
        _user u1_0 
    where
        u1_0.email=?
Hibernate: 
    select
        u1_0.id,
        u1_0.address,
        u1_0.city,
        u1_0.district,
        u1_0.eczane_adi,
        u1_0.email,
        u1_0.is_active,
        u1_0.latitude,
        u1_0.longitude,
        u1_0.password,
        u1_0.phone_number,
        u1_0.role 
    from
        _user u1_0 
    where
        u1_0.email=?
2024-05-19T04:51:45.469+03:00 DEBUG 37128 --- [           main] org.hibernate.SQL                        : 
    select
        next_val as id_val 
    from
        _user_seq for update
Hibernate: 
    select
        next_val as id_val 
    from
        _user_seq for update
2024-05-19T04:51:45.471+03:00 DEBUG 37128 --- [           main] org.hibernate.SQL                        : 
    update
        _user_seq 
    set
        next_val= ? 
    where
        next_val=?
Hibernate: 
    update
        _user_seq 
    set
        next_val= ? 
    where
        next_val=?
2024-05-19T04:51:45.500+03:00 DEBUG 37128 --- [           main] org.hibernate.SQL                        : 
    insert 
    into
        _user
        (address, city, district, eczane_adi, email, is_active, latitude, longitude, password, phone_number, role, id) 
    values
        (?, ?, ?, ?, ?, ?, ?, ?, ?, ?, ?, ?)
Hibernate: 
    insert 
    into
        _user
        (address, city, district, eczane_adi, email, is_active, latitude, longitude, password, phone_number, role, id) 
    values
        (?, ?, ?, ?, ?, ?, ?, ?, ?, ?, ?, ?)
2024-05-19T04:51:45.512+03:00 DEBUG 37128 --- [           main] org.hibernate.SQL                        : 
    insert 
    into
        drugs
        (ilac_adi, ilac_etken_maddesi, ilac_grubu) 
    values
        (?, ?, ?)
Hibernate: 
    insert 
    into
        drugs
        (ilac_adi, ilac_etken_maddesi, ilac_grubu) 
    values
        (?, ?, ?)
2024-05-19T04:51:45.519+03:00 DEBUG 37128 --- [           main] org.hibernate.SQL                        : 
    insert 
    into
        drugs
        (ilac_adi, ilac_etken_maddesi, ilac_grubu) 
    values
        (?, ?, ?)
Hibernate: 
    insert 
    into
        drugs
        (ilac_adi, ilac_etken_maddesi, ilac_grubu) 
    values
        (?, ?, ?)
2024-05-19T04:51:45.521+03:00 DEBUG 37128 --- [           main] org.hibernate.SQL                        : 
    insert 
    into
        drugs
        (ilac_adi, ilac_etken_maddesi, ilac_grubu) 
    values
        (?, ?, ?)
Hibernate: 
    insert 
    into
        drugs
        (ilac_adi, ilac_etken_maddesi, ilac_grubu) 
    values
        (?, ?, ?)
2024-05-19T04:51:45.523+03:00 DEBUG 37128 --- [           main] org.hibernate.SQL                        : 
    insert 
    into
        drugs
        (ilac_adi, ilac_etken_maddesi, ilac_grubu) 
    values
        (?, ?, ?)
Hibernate: 
    insert 
    into
        drugs
        (ilac_adi, ilac_etken_maddesi, ilac_grubu) 
    values
        (?, ?, ?)
2024-05-19T04:51:45.524+03:00 DEBUG 37128 --- [           main] org.hibernate.SQL                        : 
    insert 
    into
        drugs
        (ilac_adi, ilac_etken_maddesi, ilac_grubu) 
    values
        (?, ?, ?)
Hibernate: 
    insert 
    into
        drugs
        (ilac_adi, ilac_etken_maddesi, ilac_grubu) 
    values
        (?, ?, ?)
2024-05-19T04:51:45.530+03:00 DEBUG 37128 --- [           main] org.hibernate.SQL                        : 
    insert 
    into
        member_drug_stocks
        (drug_id, quantity, user_id) 
    values
        (?, ?, ?)
Hibernate: 
    insert 
    into
        member_drug_stocks
        (drug_id, quantity, user_id) 
    values
        (?, ?, ?)
2024-05-19T04:51:45.534+03:00 DEBUG 37128 --- [           main] org.hibernate.SQL                        : 
    insert 
    into
        member_drug_stocks
        (drug_id, quantity, user_id) 
    values
        (?, ?, ?)
Hibernate: 
    insert 
    into
        member_drug_stocks
        (drug_id, quantity, user_id) 
    values
        (?, ?, ?)
2024-05-19T04:51:45.538+03:00 DEBUG 37128 --- [           main] org.hibernate.SQL                        : 
    insert 
    into
        member_drug_stocks
        (drug_id, quantity, user_id) 
    values
        (?, ?, ?)
Hibernate: 
    insert 
    into
        member_drug_stocks
        (drug_id, quantity, user_id) 
    values
        (?, ?, ?)
2024-05-19T04:51:45.542+03:00 DEBUG 37128 --- [           main] org.hibernate.SQL                        : 
    insert 
    into
        member_drug_stocks
        (drug_id, quantity, user_id) 
    values
        (?, ?, ?)
Hibernate: 
    insert 
    into
        member_drug_stocks
        (drug_id, quantity, user_id) 
    values
        (?, ?, ?)
2024-05-19T04:51:45.546+03:00 DEBUG 37128 --- [           main] org.hibernate.SQL                        : 
    insert 
    into
        member_drug_stocks
        (drug_id, quantity, user_id) 
    values
        (?, ?, ?)
Hibernate: 
    insert 
    into
        member_drug_stocks
        (drug_id, quantity, user_id) 
    values
        (?, ?, ?)
]]></system-out>
  </testcase>
</testsuite>