<?xml version="1.0" encoding="UTF-8"?>
<testsuite xmlns:xsi="http://www.w3.org/2001/XMLSchema-instance" xsi:noNamespaceSchemaLocation="https://maven.apache.org/surefire/maven-surefire-plugin/xsd/surefire-test-report-3.0.xsd" version="3.0" name="com.crackit.SpringSecurityJWT.SpringSecurityJwtApplicationTests" time="17.392" tests="1" errors="0" skipped="0" failures="0">
  <properties>
[...]
</properties>
  <testcase name="contextLoads" classname="com.crackit.SpringSecurityJWT.SpringSecurityJwtApplicationTests" time="0.672">
    <system-out><![CDATA[23:34:46.441 [main] INFO org.springframework.test.context.support.AnnotationConfigContextLoaderUtils -- Could not detect default configuration classes for test class [com.crackit.SpringSecurityJWT.SpringSecurityJwtApplicationTests]: SpringSecurityJwtApplicationTests does not declare any static, non-private, non-final, nested classes annotated with @Configuration.
23:34:46.692 [main] INFO org.springframework.boot.test.context.SpringBootTestContextBootstrapper -- Found @SpringBootConfiguration com.crackit.SpringSecurityJWT.SpringSecurityJwtApplication for test class com.crackit.SpringSecurityJWT.SpringSecurityJwtApplicationTests

  .   ____          _            __ _ _
 /\\ / ___'_ __ _ _(_)_ __  __ _ \ \ \ \
( ( )\___ | '_ | '_| | '_ \/ _` | \ \ \ \
 \\/  ___)| |_)| | | | | || (_| |  ) ) ) )
  '  |____| .__|_| |_|_| |_\__, | / / / /
 =========|_|==============|___/=/_/_/_/
 :: Spring Boot ::                (v3.2.3)

2024-06-07T23:34:47.515+03:00  INFO 22132 --- [           main] c.c.S.SpringSecurityJwtApplicationTests  : Starting SpringSecurityJwtApplicationTests using Java 17.0.2 with PID 22132 (started by brken in C:\Users\brken\Desktop\DrugProject2)
2024-06-07T23:34:47.517+03:00  INFO 22132 --- [           main] c.c.S.SpringSecurityJwtApplicationTests  : No active profile set, falling back to 1 default profile: "default"
2024-06-07T23:34:48.823+03:00  INFO 22132 --- [           main] .s.d.r.c.RepositoryConfigurationDelegate : Bootstrapping Spring Data JPA repositories in DEFAULT mode.
2024-06-07T23:34:48.938+03:00  INFO 22132 --- [           main] .s.d.r.c.RepositoryConfigurationDelegate : Finished Spring Data repository scanning in 96 ms. Found 3 JPA repository interfaces.
2024-06-07T23:34:49.788+03:00  INFO 22132 --- [           main] o.hibernate.jpa.internal.util.LogHelper  : HHH000204: Processing PersistenceUnitInfo [name: default]
2024-06-07T23:34:49.945+03:00  INFO 22132 --- [           main] org.hibernate.Version                    : HHH000412: Hibernate ORM core version 6.4.4.Final
2024-06-07T23:34:50.024+03:00  INFO 22132 --- [           main] o.h.c.internal.RegionFactoryInitiator    : HHH000026: Second-level cache disabled
2024-06-07T23:34:50.213+03:00 DEBUG 22132 --- [           main] org.hibernate.type.BasicTypeRegistry     : Adding type registration boolean -> org.hibernate.type.BasicTypeReference@6486fe7b
2024-06-07T23:34:50.214+03:00 DEBUG 22132 --- [           main] org.hibernate.type.BasicTypeRegistry     : Adding type registration boolean -> org.hibernate.type.BasicTypeReference@6486fe7b
2024-06-07T23:34:50.214+03:00 DEBUG 22132 --- [           main] org.hibernate.type.BasicTypeRegistry     : Adding type registration java.lang.Boolean -> org.hibernate.type.BasicTypeReference@6486fe7b
2024-06-07T23:34:50.214+03:00 DEBUG 22132 --- [           main] org.hibernate.type.BasicTypeRegistry     : Adding type registration numeric_boolean -> org.hibernate.type.BasicTypeReference@511da44f
2024-06-07T23:34:50.214+03:00 DEBUG 22132 --- [           main] org.hibernate.type.BasicTypeRegistry     : Adding type registration org.hibernate.type.NumericBooleanConverter -> org.hibernate.type.BasicTypeReference@511da44f
2024-06-07T23:34:50.214+03:00 DEBUG 22132 --- [           main] org.hibernate.type.BasicTypeRegistry     : Adding type registration true_false -> org.hibernate.type.BasicTypeReference@4645679e
2024-06-07T23:34:50.214+03:00 DEBUG 22132 --- [           main] org.hibernate.type.BasicTypeRegistry     : Adding type registration org.hibernate.type.TrueFalseConverter -> org.hibernate.type.BasicTypeReference@4645679e
2024-06-07T23:34:50.214+03:00 DEBUG 22132 --- [           main] org.hibernate.type.BasicTypeRegistry     : Adding type registration yes_no -> org.hibernate.type.BasicTypeReference@3a0b6a
2024-06-07T23:34:50.214+03:00 DEBUG 22132 --- [           main] org.hibernate.type.BasicTypeRegistry     : Adding type registration org.hibernate.type.YesNoConverter -> org.hibernate.type.BasicTypeReference@3a0b6a
2024-06-07T23:34:50.215+03:00 DEBUG 22132 --- [           main] org.hibernate.type.BasicTypeRegistry     : Adding type registration byte -> org.hibernate.type.BasicTypeReference@539c4830
2024-06-07T23:34:50.215+03:00 DEBUG 22132 --- [           main] org.hibernate.type.BasicTypeRegistry     : Adding type registration byte -> org.hibernate.type.BasicTypeReference@539c4830
2024-06-07T23:34:50.215+03:00 DEBUG 22132 --- [           main] org.hibernate.type.BasicTypeRegistry     : Adding type registration java.lang.Byte -> org.hibernate.type.BasicTypeReference@539c4830
2024-06-07T23:34:50.215+03:00 DEBUG 22132 --- [           main] org.hibernate.type.BasicTypeRegistry     : Adding type registration binary -> org.hibernate.type.BasicTypeReference@6f1fa1d0
2024-06-07T23:34:50.215+03:00 DEBUG 22132 --- [           main] org.hibernate.type.BasicTypeRegistry     : Adding type registration byte[] -> org.hibernate.type.BasicTypeReference@6f1fa1d0
2024-06-07T23:34:50.216+03:00 DEBUG 22132 --- [           main] org.hibernate.type.BasicTypeRegistry     : Adding type registration [B -> org.hibernate.type.BasicTypeReference@6f1fa1d0
2024-06-07T23:34:50.216+03:00 DEBUG 22132 --- [           main] org.hibernate.type.BasicTypeRegistry     : Adding type registration binary_wrapper -> org.hibernate.type.BasicTypeReference@63d677f5
2024-06-07T23:34:50.216+03:00 DEBUG 22132 --- [           main] org.hibernate.type.BasicTypeRegistry     : Adding type registration wrapper-binary -> org.hibernate.type.BasicTypeReference@63d677f5
2024-06-07T23:34:50.216+03:00 DEBUG 22132 --- [           main] org.hibernate.type.BasicTypeRegistry     : Adding type registration image -> org.hibernate.type.BasicTypeReference@71d55b7e
2024-06-07T23:34:50.216+03:00 DEBUG 22132 --- [           main] org.hibernate.type.BasicTypeRegistry     : Adding type registration blob -> org.hibernate.type.BasicTypeReference@2997ddfc
2024-06-07T23:34:50.216+03:00 DEBUG 22132 --- [           main] org.hibernate.type.BasicTypeRegistry     : Adding type registration java.sql.Blob -> org.hibernate.type.BasicTypeReference@2997ddfc
2024-06-07T23:34:50.216+03:00 DEBUG 22132 --- [           main] org.hibernate.type.BasicTypeRegistry     : Adding type registration materialized_blob -> org.hibernate.type.BasicTypeReference@28ee882c
2024-06-07T23:34:50.216+03:00 DEBUG 22132 --- [           main] org.hibernate.type.BasicTypeRegistry     : Adding type registration materialized_blob_wrapper -> org.hibernate.type.BasicTypeReference@78d73b1b
2024-06-07T23:34:50.216+03:00 DEBUG 22132 --- [           main] org.hibernate.type.BasicTypeRegistry     : Adding type registration short -> org.hibernate.type.BasicTypeReference@238291d4
2024-06-07T23:34:50.217+03:00 DEBUG 22132 --- [           main] org.hibernate.type.BasicTypeRegistry     : Adding type registration short -> org.hibernate.type.BasicTypeReference@238291d4
2024-06-07T23:34:50.217+03:00 DEBUG 22132 --- [           main] org.hibernate.type.BasicTypeRegistry     : Adding type registration java.lang.Short -> org.hibernate.type.BasicTypeReference@238291d4
2024-06-07T23:34:50.217+03:00 DEBUG 22132 --- [           main] org.hibernate.type.BasicTypeRegistry     : Adding type registration integer -> org.hibernate.type.BasicTypeReference@34edd065
2024-06-07T23:34:50.217+03:00 DEBUG 22132 --- [           main] org.hibernate.type.BasicTypeRegistry     : Adding type registration int -> org.hibernate.type.BasicTypeReference@34edd065
2024-06-07T23:34:50.217+03:00 DEBUG 22132 --- [           main] org.hibernate.type.BasicTypeRegistry     : Adding type registration java.lang.Integer -> org.hibernate.type.BasicTypeReference@34edd065
2024-06-07T23:34:50.217+03:00 DEBUG 22132 --- [           main] org.hibernate.type.BasicTypeRegistry     : Adding type registration long -> org.hibernate.type.BasicTypeReference@681e913c
2024-06-07T23:34:50.217+03:00 DEBUG 22132 --- [           main] org.hibernate.type.BasicTypeRegistry     : Adding type registration long -> org.hibernate.type.BasicTypeReference@681e913c
2024-06-07T23:34:50.217+03:00 DEBUG 22132 --- [           main] org.hibernate.type.BasicTypeRegistry     : Adding type registration java.lang.Long -> org.hibernate.type.BasicTypeReference@681e913c
2024-06-07T23:34:50.217+03:00 DEBUG 22132 --- [           main] org.hibernate.type.BasicTypeRegistry     : Adding type registration float -> org.hibernate.type.BasicTypeReference@29d070c7
2024-06-07T23:34:50.217+03:00 DEBUG 22132 --- [           main] org.hibernate.type.BasicTypeRegistry     : Adding type registration float -> org.hibernate.type.BasicTypeReference@29d070c7
2024-06-07T23:34:50.218+03:00 DEBUG 22132 --- [           main] org.hibernate.type.BasicTypeRegistry     : Adding type registration java.lang.Float -> org.hibernate.type.BasicTypeReference@29d070c7
2024-06-07T23:34:50.218+03:00 DEBUG 22132 --- [           main] org.hibernate.type.BasicTypeRegistry     : Adding type registration double -> org.hibernate.type.BasicTypeReference@1eeb5818
2024-06-07T23:34:50.218+03:00 DEBUG 22132 --- [           main] org.hibernate.type.BasicTypeRegistry     : Adding type registration double -> org.hibernate.type.BasicTypeReference@1eeb5818
2024-06-07T23:34:50.218+03:00 DEBUG 22132 --- [           main] org.hibernate.type.BasicTypeRegistry     : Adding type registration java.lang.Double -> org.hibernate.type.BasicTypeReference@1eeb5818
2024-06-07T23:34:50.218+03:00 DEBUG 22132 --- [           main] org.hibernate.type.BasicTypeRegistry     : Adding type registration big_integer -> org.hibernate.type.BasicTypeReference@44dfdd58
2024-06-07T23:34:50.218+03:00 DEBUG 22132 --- [           main] org.hibernate.type.BasicTypeRegistry     : Adding type registration java.math.BigInteger -> org.hibernate.type.BasicTypeReference@44dfdd58
2024-06-07T23:34:50.218+03:00 DEBUG 22132 --- [           main] org.hibernate.type.BasicTypeRegistry     : Adding type registration big_decimal -> org.hibernate.type.BasicTypeReference@58d4238e
2024-06-07T23:34:50.218+03:00 DEBUG 22132 --- [           main] org.hibernate.type.BasicTypeRegistry     : Adding type registration java.math.BigDecimal -> org.hibernate.type.BasicTypeReference@58d4238e
2024-06-07T23:34:50.218+03:00 DEBUG 22132 --- [           main] org.hibernate.type.BasicTypeRegistry     : Adding type registration character -> org.hibernate.type.BasicTypeReference@72a8361b
2024-06-07T23:34:50.219+03:00 DEBUG 22132 --- [           main] org.hibernate.type.BasicTypeRegistry     : Adding type registration char -> org.hibernate.type.BasicTypeReference@72a8361b
2024-06-07T23:34:50.219+03:00 DEBUG 22132 --- [           main] org.hibernate.type.BasicTypeRegistry     : Adding type registration java.lang.Character -> org.hibernate.type.BasicTypeReference@72a8361b
2024-06-07T23:34:50.219+03:00 DEBUG 22132 --- [           main] org.hibernate.type.BasicTypeRegistry     : Adding type registration character_nchar -> org.hibernate.type.BasicTypeReference@36478bce
2024-06-07T23:34:50.219+03:00 DEBUG 22132 --- [           main] org.hibernate.type.BasicTypeRegistry     : Adding type registration string -> org.hibernate.type.BasicTypeReference@c48b543
2024-06-07T23:34:50.219+03:00 DEBUG 22132 --- [           main] org.hibernate.type.BasicTypeRegistry     : Adding type registration java.lang.String -> org.hibernate.type.BasicTypeReference@c48b543
2024-06-07T23:34:50.219+03:00 DEBUG 22132 --- [           main] org.hibernate.type.BasicTypeRegistry     : Adding type registration nstring -> org.hibernate.type.BasicTypeReference@75793f17
2024-06-07T23:34:50.219+03:00 DEBUG 22132 --- [           main] org.hibernate.type.BasicTypeRegistry     : Adding type registration characters -> org.hibernate.type.BasicTypeReference@4652c74d
2024-06-07T23:34:50.219+03:00 DEBUG 22132 --- [           main] org.hibernate.type.BasicTypeRegistry     : Adding type registration char[] -> org.hibernate.type.BasicTypeReference@4652c74d
2024-06-07T23:34:50.219+03:00 DEBUG 22132 --- [           main] org.hibernate.type.BasicTypeRegistry     : Adding type registration [C -> org.hibernate.type.BasicTypeReference@4652c74d
2024-06-07T23:34:50.219+03:00 DEBUG 22132 --- [           main] org.hibernate.type.BasicTypeRegistry     : Adding type registration wrapper-characters -> org.hibernate.type.BasicTypeReference@4cc12db2
2024-06-07T23:34:50.220+03:00 DEBUG 22132 --- [           main] org.hibernate.type.BasicTypeRegistry     : Adding type registration text -> org.hibernate.type.BasicTypeReference@5ea7bc4
2024-06-07T23:34:50.220+03:00 DEBUG 22132 --- [           main] org.hibernate.type.BasicTypeRegistry     : Adding type registration ntext -> org.hibernate.type.BasicTypeReference@39d77de9
2024-06-07T23:34:50.220+03:00 DEBUG 22132 --- [           main] org.hibernate.type.BasicTypeRegistry     : Adding type registration clob -> org.hibernate.type.BasicTypeReference@696fad31
2024-06-07T23:34:50.220+03:00 DEBUG 22132 --- [           main] org.hibernate.type.BasicTypeRegistry     : Adding type registration java.sql.Clob -> org.hibernate.type.BasicTypeReference@696fad31
2024-06-07T23:34:50.220+03:00 DEBUG 22132 --- [           main] org.hibernate.type.BasicTypeRegistry     : Adding type registration nclob -> org.hibernate.type.BasicTypeReference@2c06b113
2024-06-07T23:34:50.220+03:00 DEBUG 22132 --- [           main] org.hibernate.type.BasicTypeRegistry     : Adding type registration java.sql.NClob -> org.hibernate.type.BasicTypeReference@2c06b113
2024-06-07T23:34:50.220+03:00 DEBUG 22132 --- [           main] org.hibernate.type.BasicTypeRegistry     : Adding type registration materialized_clob -> org.hibernate.type.BasicTypeReference@7a64cb0c
2024-06-07T23:34:50.220+03:00 DEBUG 22132 --- [           main] org.hibernate.type.BasicTypeRegistry     : Adding type registration materialized_clob_char_array -> org.hibernate.type.BasicTypeReference@785ed99c
2024-06-07T23:34:50.220+03:00 DEBUG 22132 --- [           main] org.hibernate.type.BasicTypeRegistry     : Adding type registration materialized_clob_character_array -> org.hibernate.type.BasicTypeReference@6c4ce583
2024-06-07T23:34:50.220+03:00 DEBUG 22132 --- [           main] org.hibernate.type.BasicTypeRegistry     : Adding type registration materialized_nclob -> org.hibernate.type.BasicTypeReference@755b5f30
2024-06-07T23:34:50.221+03:00 DEBUG 22132 --- [           main] org.hibernate.type.BasicTypeRegistry     : Adding type registration materialized_nclob_character_array -> org.hibernate.type.BasicTypeReference@29bbc63c
2024-06-07T23:34:50.221+03:00 DEBUG 22132 --- [           main] org.hibernate.type.BasicTypeRegistry     : Adding type registration materialized_nclob_char_array -> org.hibernate.type.BasicTypeReference@272778ae
2024-06-07T23:34:50.221+03:00 DEBUG 22132 --- [           main] org.hibernate.type.BasicTypeRegistry     : Adding type registration Duration -> org.hibernate.type.BasicTypeReference@2cccf134
2024-06-07T23:34:50.221+03:00 DEBUG 22132 --- [           main] org.hibernate.type.BasicTypeRegistry     : Adding type registration java.time.Duration -> org.hibernate.type.BasicTypeReference@2cccf134
2024-06-07T23:34:50.221+03:00 DEBUG 22132 --- [           main] org.hibernate.type.BasicTypeRegistry     : Adding type registration LocalDateTime -> org.hibernate.type.BasicTypeReference@3c18942
2024-06-07T23:34:50.221+03:00 DEBUG 22132 --- [           main] org.hibernate.type.BasicTypeRegistry     : Adding type registration java.time.LocalDateTime -> org.hibernate.type.BasicTypeReference@3c18942
2024-06-07T23:34:50.221+03:00 DEBUG 22132 --- [           main] org.hibernate.type.BasicTypeRegistry     : Adding type registration LocalDate -> org.hibernate.type.BasicTypeReference@743c3520
2024-06-07T23:34:50.221+03:00 DEBUG 22132 --- [           main] org.hibernate.type.BasicTypeRegistry     : Adding type registration java.time.LocalDate -> org.hibernate.type.BasicTypeReference@743c3520
2024-06-07T23:34:50.221+03:00 DEBUG 22132 --- [           main] org.hibernate.type.BasicTypeRegistry     : Adding type registration LocalTime -> org.hibernate.type.BasicTypeReference@6842c101
2024-06-07T23:34:50.221+03:00 DEBUG 22132 --- [           main] org.hibernate.type.BasicTypeRegistry     : Adding type registration java.time.LocalTime -> org.hibernate.type.BasicTypeReference@6842c101
2024-06-07T23:34:50.222+03:00 DEBUG 22132 --- [           main] org.hibernate.type.BasicTypeRegistry     : Adding type registration OffsetDateTime -> org.hibernate.type.BasicTypeReference@234cd86c
2024-06-07T23:34:50.222+03:00 DEBUG 22132 --- [           main] org.hibernate.type.BasicTypeRegistry     : Adding type registration java.time.OffsetDateTime -> org.hibernate.type.BasicTypeReference@234cd86c
2024-06-07T23:34:50.222+03:00 DEBUG 22132 --- [           main] org.hibernate.type.BasicTypeRegistry     : Adding type registration OffsetDateTimeWithTimezone -> org.hibernate.type.BasicTypeReference@2c48cede
2024-06-07T23:34:50.222+03:00 DEBUG 22132 --- [           main] org.hibernate.type.BasicTypeRegistry     : Adding type registration OffsetDateTimeWithoutTimezone -> org.hibernate.type.BasicTypeReference@39c87b42
2024-06-07T23:34:50.222+03:00 DEBUG 22132 --- [           main] org.hibernate.type.BasicTypeRegistry     : Adding type registration OffsetTime -> org.hibernate.type.BasicTypeReference@47fcefb3
2024-06-07T23:34:50.222+03:00 DEBUG 22132 --- [           main] org.hibernate.type.BasicTypeRegistry     : Adding type registration java.time.OffsetTime -> org.hibernate.type.BasicTypeReference@47fcefb3
2024-06-07T23:34:50.222+03:00 DEBUG 22132 --- [           main] org.hibernate.type.BasicTypeRegistry     : Adding type registration OffsetTimeUtc -> org.hibernate.type.BasicTypeReference@236c098
2024-06-07T23:34:50.222+03:00 DEBUG 22132 --- [           main] org.hibernate.type.BasicTypeRegistry     : Adding type registration OffsetTimeWithTimezone -> org.hibernate.type.BasicTypeReference@68e2d03e
2024-06-07T23:34:50.222+03:00 DEBUG 22132 --- [           main] org.hibernate.type.BasicTypeRegistry     : Adding type registration OffsetTimeWithoutTimezone -> org.hibernate.type.BasicTypeReference@120aa40b
2024-06-07T23:34:50.222+03:00 DEBUG 22132 --- [           main] org.hibernate.type.BasicTypeRegistry     : Adding type registration ZonedDateTime -> org.hibernate.type.BasicTypeReference@32ab408e
2024-06-07T23:34:50.222+03:00 DEBUG 22132 --- [           main] org.hibernate.type.BasicTypeRegistry     : Adding type registration java.time.ZonedDateTime -> org.hibernate.type.BasicTypeReference@32ab408e
2024-06-07T23:34:50.223+03:00 DEBUG 22132 --- [           main] org.hibernate.type.BasicTypeRegistry     : Adding type registration ZonedDateTimeWithTimezone -> org.hibernate.type.BasicTypeReference@6ad6443
2024-06-07T23:34:50.223+03:00 DEBUG 22132 --- [           main] org.hibernate.type.BasicTypeRegistry     : Adding type registration ZonedDateTimeWithoutTimezone -> org.hibernate.type.BasicTypeReference@78b03788
2024-06-07T23:34:50.223+03:00 DEBUG 22132 --- [           main] org.hibernate.type.BasicTypeRegistry     : Adding type registration date -> org.hibernate.type.BasicTypeReference@3f5dfe69
2024-06-07T23:34:50.223+03:00 DEBUG 22132 --- [           main] org.hibernate.type.BasicTypeRegistry     : Adding type registration java.sql.Date -> org.hibernate.type.BasicTypeReference@3f5dfe69
2024-06-07T23:34:50.223+03:00 DEBUG 22132 --- [           main] org.hibernate.type.BasicTypeRegistry     : Adding type registration time -> org.hibernate.type.BasicTypeReference@571a663c
2024-06-07T23:34:50.223+03:00 DEBUG 22132 --- [           main] org.hibernate.type.BasicTypeRegistry     : Adding type registration java.sql.Time -> org.hibernate.type.BasicTypeReference@571a663c
2024-06-07T23:34:50.223+03:00 DEBUG 22132 --- [           main] org.hibernate.type.BasicTypeRegistry     : Adding type registration timestamp -> org.hibernate.type.BasicTypeReference@3a788fe0
2024-06-07T23:34:50.223+03:00 DEBUG 22132 --- [           main] org.hibernate.type.BasicTypeRegistry     : Adding type registration java.sql.Timestamp -> org.hibernate.type.BasicTypeReference@3a788fe0
2024-06-07T23:34:50.223+03:00 DEBUG 22132 --- [           main] org.hibernate.type.BasicTypeRegistry     : Adding type registration java.util.Date -> org.hibernate.type.BasicTypeReference@3a788fe0
2024-06-07T23:34:50.224+03:00 DEBUG 22132 --- [           main] org.hibernate.type.BasicTypeRegistry     : Adding type registration calendar -> org.hibernate.type.BasicTypeReference@430df350
2024-06-07T23:34:50.224+03:00 DEBUG 22132 --- [           main] org.hibernate.type.BasicTypeRegistry     : Adding type registration java.util.Calendar -> org.hibernate.type.BasicTypeReference@430df350
2024-06-07T23:34:50.224+03:00 DEBUG 22132 --- [           main] org.hibernate.type.BasicTypeRegistry     : Adding type registration java.util.GregorianCalendar -> org.hibernate.type.BasicTypeReference@430df350
2024-06-07T23:34:50.224+03:00 DEBUG 22132 --- [           main] org.hibernate.type.BasicTypeRegistry     : Adding type registration calendar_date -> org.hibernate.type.BasicTypeReference@1373e3ee
2024-06-07T23:34:50.224+03:00 DEBUG 22132 --- [           main] org.hibernate.type.BasicTypeRegistry     : Adding type registration calendar_time -> org.hibernate.type.BasicTypeReference@175c5c3a
2024-06-07T23:34:50.224+03:00 DEBUG 22132 --- [           main] org.hibernate.type.BasicTypeRegistry     : Adding type registration instant -> org.hibernate.type.BasicTypeReference@69a5c6be
2024-06-07T23:34:50.224+03:00 DEBUG 22132 --- [           main] org.hibernate.type.BasicTypeRegistry     : Adding type registration java.time.Instant -> org.hibernate.type.BasicTypeReference@69a5c6be
2024-06-07T23:34:50.224+03:00 DEBUG 22132 --- [           main] org.hibernate.type.BasicTypeRegistry     : Adding type registration uuid -> org.hibernate.type.BasicTypeReference@451e2fa9
2024-06-07T23:34:50.224+03:00 DEBUG 22132 --- [           main] org.hibernate.type.BasicTypeRegistry     : Adding type registration java.util.UUID -> org.hibernate.type.BasicTypeReference@451e2fa9
2024-06-07T23:34:50.224+03:00 DEBUG 22132 --- [           main] org.hibernate.type.BasicTypeRegistry     : Adding type registration pg-uuid -> org.hibernate.type.BasicTypeReference@451e2fa9
2024-06-07T23:34:50.225+03:00 DEBUG 22132 --- [           main] org.hibernate.type.BasicTypeRegistry     : Adding type registration uuid-binary -> org.hibernate.type.BasicTypeReference@497ed877
2024-06-07T23:34:50.225+03:00 DEBUG 22132 --- [           main] org.hibernate.type.BasicTypeRegistry     : Adding type registration uuid-char -> org.hibernate.type.BasicTypeReference@3cb6e0ee
2024-06-07T23:34:50.225+03:00 DEBUG 22132 --- [           main] org.hibernate.type.BasicTypeRegistry     : Adding type registration class -> org.hibernate.type.BasicTypeReference@7b6141f0
2024-06-07T23:34:50.225+03:00 DEBUG 22132 --- [           main] org.hibernate.type.BasicTypeRegistry     : Adding type registration java.lang.Class -> org.hibernate.type.BasicTypeReference@7b6141f0
2024-06-07T23:34:50.225+03:00 DEBUG 22132 --- [           main] org.hibernate.type.BasicTypeRegistry     : Adding type registration currency -> org.hibernate.type.BasicTypeReference@4fb64a52
2024-06-07T23:34:50.225+03:00 DEBUG 22132 --- [           main] org.hibernate.type.BasicTypeRegistry     : Adding type registration Currency -> org.hibernate.type.BasicTypeReference@4fb64a52
2024-06-07T23:34:50.225+03:00 DEBUG 22132 --- [           main] org.hibernate.type.BasicTypeRegistry     : Adding type registration java.util.Currency -> org.hibernate.type.BasicTypeReference@4fb64a52
2024-06-07T23:34:50.225+03:00 DEBUG 22132 --- [           main] org.hibernate.type.BasicTypeRegistry     : Adding type registration locale -> org.hibernate.type.BasicTypeReference@70b48eb3
2024-06-07T23:34:50.225+03:00 DEBUG 22132 --- [           main] org.hibernate.type.BasicTypeRegistry     : Adding type registration java.util.Locale -> org.hibernate.type.BasicTypeReference@70b48eb3
2024-06-07T23:34:50.225+03:00 DEBUG 22132 --- [           main] org.hibernate.type.BasicTypeRegistry     : Adding type registration serializable -> org.hibernate.type.BasicTypeReference@7b8ea1db
2024-06-07T23:34:50.225+03:00 DEBUG 22132 --- [           main] org.hibernate.type.BasicTypeRegistry     : Adding type registration java.io.Serializable -> org.hibernate.type.BasicTypeReference@7b8ea1db
2024-06-07T23:34:50.225+03:00 DEBUG 22132 --- [           main] org.hibernate.type.BasicTypeRegistry     : Adding type registration timezone -> org.hibernate.type.BasicTypeReference@a91119b
2024-06-07T23:34:50.225+03:00 DEBUG 22132 --- [           main] org.hibernate.type.BasicTypeRegistry     : Adding type registration java.util.TimeZone -> org.hibernate.type.BasicTypeReference@a91119b
2024-06-07T23:34:50.225+03:00 DEBUG 22132 --- [           main] org.hibernate.type.BasicTypeRegistry     : Adding type registration ZoneOffset -> org.hibernate.type.BasicTypeReference@77083e41
2024-06-07T23:34:50.225+03:00 DEBUG 22132 --- [           main] org.hibernate.type.BasicTypeRegistry     : Adding type registration java.time.ZoneOffset -> org.hibernate.type.BasicTypeReference@77083e41
2024-06-07T23:34:50.225+03:00 DEBUG 22132 --- [           main] org.hibernate.type.BasicTypeRegistry     : Adding type registration url -> org.hibernate.type.BasicTypeReference@231df705
2024-06-07T23:34:50.225+03:00 DEBUG 22132 --- [           main] org.hibernate.type.BasicTypeRegistry     : Adding type registration java.net.URL -> org.hibernate.type.BasicTypeReference@231df705
2024-06-07T23:34:50.225+03:00 DEBUG 22132 --- [           main] org.hibernate.type.BasicTypeRegistry     : Adding type registration vector -> org.hibernate.type.BasicTypeReference@2d130ac4
2024-06-07T23:34:50.225+03:00 DEBUG 22132 --- [           main] org.hibernate.type.BasicTypeRegistry     : Adding type registration row_version -> org.hibernate.type.BasicTypeReference@2f0ccb34
2024-06-07T23:34:50.236+03:00 DEBUG 22132 --- [           main] org.hibernate.type.BasicTypeRegistry     : Adding type registration object -> org.hibernate.type.JavaObjectType@6169be09
2024-06-07T23:34:50.236+03:00 DEBUG 22132 --- [           main] org.hibernate.type.BasicTypeRegistry     : Adding type registration java.lang.Object -> org.hibernate.type.JavaObjectType@6169be09
2024-06-07T23:34:50.238+03:00 DEBUG 22132 --- [           main] org.hibernate.type.BasicTypeRegistry     : Adding type registration null -> org.hibernate.type.NullType@124eb83d
2024-06-07T23:34:50.239+03:00 DEBUG 22132 --- [           main] org.hibernate.type.BasicTypeRegistry     : Adding type registration imm_date -> org.hibernate.type.BasicTypeReference@6885ed19
2024-06-07T23:34:50.239+03:00 DEBUG 22132 --- [           main] org.hibernate.type.BasicTypeRegistry     : Adding type registration imm_time -> org.hibernate.type.BasicTypeReference@10817f46
2024-06-07T23:34:50.239+03:00 DEBUG 22132 --- [           main] org.hibernate.type.BasicTypeRegistry     : Adding type registration imm_timestamp -> org.hibernate.type.BasicTypeReference@2d4a3e13
2024-06-07T23:34:50.239+03:00 DEBUG 22132 --- [           main] org.hibernate.type.BasicTypeRegistry     : Adding type registration imm_calendar -> org.hibernate.type.BasicTypeReference@4a22e4d7
2024-06-07T23:34:50.239+03:00 DEBUG 22132 --- [           main] org.hibernate.type.BasicTypeRegistry     : Adding type registration imm_calendar_date -> org.hibernate.type.BasicTypeReference@d8835af
2024-06-07T23:34:50.239+03:00 DEBUG 22132 --- [           main] org.hibernate.type.BasicTypeRegistry     : Adding type registration imm_calendar_time -> org.hibernate.type.BasicTypeReference@16681017
2024-06-07T23:34:50.239+03:00 DEBUG 22132 --- [           main] org.hibernate.type.BasicTypeRegistry     : Adding type registration imm_binary -> org.hibernate.type.BasicTypeReference@6aae0e6f
2024-06-07T23:34:50.239+03:00 DEBUG 22132 --- [           main] org.hibernate.type.BasicTypeRegistry     : Adding type registration imm_serializable -> org.hibernate.type.BasicTypeReference@37775bb1
2024-06-07T23:34:50.526+03:00  INFO 22132 --- [           main] o.s.o.j.p.SpringPersistenceUnitInfo      : No LoadTimeWeaver setup: ignoring JPA class transformer
2024-06-07T23:34:50.581+03:00  INFO 22132 --- [           main] com.zaxxer.hikari.HikariDataSource       : HikariPool-1 - Starting...
2024-06-07T23:34:51.094+03:00  INFO 22132 --- [           main] com.zaxxer.hikari.pool.HikariPool        : HikariPool-1 - Added connection com.mysql.cj.jdbc.ConnectionImpl@72001c71
2024-06-07T23:34:51.100+03:00  INFO 22132 --- [           main] com.zaxxer.hikari.HikariDataSource       : HikariPool-1 - Start completed.
2024-06-07T23:34:51.197+03:00  WARN 22132 --- [           main] org.hibernate.orm.deprecation            : HHH90000025: MySQL8Dialect does not need to be specified explicitly using 'hibernate.dialect' (remove the property setting and it will be selected by default)
2024-06-07T23:34:51.199+03:00  WARN 22132 --- [           main] org.hibernate.orm.deprecation            : HHH90000026: MySQL8Dialect has been deprecated; use org.hibernate.dialect.MySQLDialect instead
2024-06-07T23:34:51.257+03:00 DEBUG 22132 --- [           main] o.h.t.d.sql.spi.DdlTypeRegistry          : addDescriptor(12, org.hibernate.type.descriptor.sql.internal.CapacityDependentDdlType@68d8ae27) replaced previous registration(org.hibernate.type.descriptor.sql.internal.CapacityDependentDdlType@18513c23)
2024-06-07T23:34:51.257+03:00 DEBUG 22132 --- [           main] o.h.t.d.sql.spi.DdlTypeRegistry          : addDescriptor(-9, org.hibernate.type.descriptor.sql.internal.CapacityDependentDdlType@6be50b35) replaced previous registration(org.hibernate.type.descriptor.sql.internal.CapacityDependentDdlType@ce2eaa7)
2024-06-07T23:34:51.257+03:00 DEBUG 22132 --- [           main] o.h.t.d.sql.spi.DdlTypeRegistry          : addDescriptor(-3, org.hibernate.type.descriptor.sql.internal.CapacityDependentDdlType@2166c48a) replaced previous registration(org.hibernate.type.descriptor.sql.internal.CapacityDependentDdlType@304744a1)
2024-06-07T23:34:51.257+03:00 DEBUG 22132 --- [           main] o.h.t.d.sql.spi.DdlTypeRegistry          : addDescriptor(4003, org.hibernate.type.descriptor.sql.internal.DdlTypeImpl@73385d3f) replaced previous registration(org.hibernate.type.descriptor.sql.internal.DdlTypeImpl@6814262d)
2024-06-07T23:34:51.257+03:00 DEBUG 22132 --- [           main] o.h.t.d.sql.spi.DdlTypeRegistry          : addDescriptor(4001, org.hibernate.type.descriptor.sql.internal.DdlTypeImpl@7fc1fd31) replaced previous registration(org.hibernate.type.descriptor.sql.internal.DdlTypeImpl@75a9cc24)
2024-06-07T23:34:51.257+03:00 DEBUG 22132 --- [           main] o.h.t.d.sql.spi.DdlTypeRegistry          : addDescriptor(4002, org.hibernate.type.descriptor.sql.internal.DdlTypeImpl@4449a60b) replaced previous registration(org.hibernate.type.descriptor.sql.internal.DdlTypeImpl@da5d5e1)
2024-06-07T23:34:51.257+03:00 DEBUG 22132 --- [           main] o.h.t.d.sql.spi.DdlTypeRegistry          : addDescriptor(2004, org.hibernate.type.descriptor.sql.internal.CapacityDependentDdlType@7d7d8911) replaced previous registration(org.hibernate.type.descriptor.sql.internal.DdlTypeImpl@460eb276)
2024-06-07T23:34:51.258+03:00 DEBUG 22132 --- [           main] o.h.t.d.sql.spi.DdlTypeRegistry          : addDescriptor(2005, org.hibernate.type.descriptor.sql.internal.CapacityDependentDdlType@4ffe3d42) replaced previous registration(org.hibernate.type.descriptor.sql.internal.DdlTypeImpl@6cd7f381)
2024-06-07T23:34:51.258+03:00 DEBUG 22132 --- [           main] o.h.t.d.sql.spi.DdlTypeRegistry          : addDescriptor(2011, org.hibernate.type.descriptor.sql.internal.CapacityDependentDdlType@7df3da0b) replaced previous registration(org.hibernate.type.descriptor.sql.internal.DdlTypeImpl@4e5d5ac1)
2024-06-07T23:34:51.275+03:00 DEBUG 22132 --- [           main] o.h.t.d.jdbc.spi.JdbcTypeRegistry        : addDescriptor(NCharTypeDescriptor) replaced previous registration(CharTypeDescriptor)
2024-06-07T23:34:51.275+03:00 DEBUG 22132 --- [           main] o.h.t.d.jdbc.spi.JdbcTypeRegistry        : addDescriptor(NVarcharTypeDescriptor) replaced previous registration(VarcharTypeDescriptor)
2024-06-07T23:34:51.277+03:00 DEBUG 22132 --- [           main] o.h.t.d.jdbc.spi.JdbcTypeRegistry        : addDescriptor(LongNVarcharTypeDescriptor) replaced previous registration(LongVarcharTypeDescriptor)
2024-06-07T23:34:51.285+03:00 DEBUG 22132 --- [           main] o.h.t.d.jdbc.spi.JdbcTypeRegistry        : addDescriptor(NClobTypeDescriptor(DEFAULT)) replaced previous registration(ClobTypeDescriptor(DEFAULT))
2024-06-07T23:34:51.286+03:00 DEBUG 22132 --- [           main] o.h.t.d.jdbc.spi.JdbcTypeRegistry        : addDescriptor(2005, ClobTypeDescriptor(STREAM_BINDING)) replaced previous registration(ClobTypeDescriptor(DEFAULT))
2024-06-07T23:34:51.296+03:00 DEBUG 22132 --- [           main] org.hibernate.type.BasicTypeRegistry     : Adding type registration null -> org.hibernate.type.NullType@4fd37449
2024-06-07T23:34:51.297+03:00 DEBUG 22132 --- [           main] org.hibernate.type.BasicTypeRegistry     : Type registration key [null] overrode previous entry : `org.hibernate.type.NullType@124eb83d`
2024-06-07T23:34:51.307+03:00 DEBUG 22132 --- [           main] org.hibernate.type.BasicTypeRegistry     : Adding type registration org.hibernate.type.DurationType -> basicType@1(java.time.Duration,3015)
2024-06-07T23:34:51.307+03:00 DEBUG 22132 --- [           main] org.hibernate.type.BasicTypeRegistry     : Adding type registration Duration -> basicType@1(java.time.Duration,3015)
2024-06-07T23:34:51.307+03:00 DEBUG 22132 --- [           main] org.hibernate.type.BasicTypeRegistry     : Adding type registration java.time.Duration -> basicType@1(java.time.Duration,3015)
2024-06-07T23:34:51.316+03:00 DEBUG 22132 --- [           main] org.hibernate.type.BasicTypeRegistry     : Adding type registration org.hibernate.type.OffsetDateTimeType -> basicType@2(java.time.OffsetDateTime,3003)
2024-06-07T23:34:51.316+03:00 DEBUG 22132 --- [           main] org.hibernate.type.BasicTypeRegistry     : Adding type registration OffsetDateTime -> basicType@2(java.time.OffsetDateTime,3003)
2024-06-07T23:34:51.316+03:00 DEBUG 22132 --- [           main] org.hibernate.type.BasicTypeRegistry     : Adding type registration java.time.OffsetDateTime -> basicType@2(java.time.OffsetDateTime,3003)
2024-06-07T23:34:51.317+03:00 DEBUG 22132 --- [           main] org.hibernate.type.BasicTypeRegistry     : Adding type registration org.hibernate.type.ZonedDateTimeType -> basicType@3(java.time.ZonedDateTime,3003)
2024-06-07T23:34:51.317+03:00 DEBUG 22132 --- [           main] org.hibernate.type.BasicTypeRegistry     : Adding type registration ZonedDateTime -> basicType@3(java.time.ZonedDateTime,3003)
2024-06-07T23:34:51.317+03:00 DEBUG 22132 --- [           main] org.hibernate.type.BasicTypeRegistry     : Adding type registration java.time.ZonedDateTime -> basicType@3(java.time.ZonedDateTime,3003)
2024-06-07T23:34:51.319+03:00 DEBUG 22132 --- [           main] org.hibernate.type.BasicTypeRegistry     : Adding type registration org.hibernate.type.OffsetTimeType -> basicType@4(java.time.OffsetTime,3007)
2024-06-07T23:34:51.319+03:00 DEBUG 22132 --- [           main] org.hibernate.type.BasicTypeRegistry     : Adding type registration OffsetTime -> basicType@4(java.time.OffsetTime,3007)
2024-06-07T23:34:51.319+03:00 DEBUG 22132 --- [           main] org.hibernate.type.BasicTypeRegistry     : Adding type registration java.time.OffsetTime -> basicType@4(java.time.OffsetTime,3007)
2024-06-07T23:34:51.321+03:00 DEBUG 22132 --- [           main] o.h.type.spi.TypeConfiguration$Scope     : Scoping TypeConfiguration [org.hibernate.type.spi.TypeConfiguration@51141f64] to MetadataBuildingContext [org.hibernate.boot.internal.MetadataBuildingContextRootImpl@32c0fecc]
2024-06-07T23:34:53.277+03:00  INFO 22132 --- [           main] o.h.e.t.j.p.i.JtaPlatformInitiator       : HHH000489: No JTA platform available (set 'hibernate.transaction.jta.platform' to enable JTA platform integration)
2024-06-07T23:34:53.278+03:00 DEBUG 22132 --- [           main] o.h.type.spi.TypeConfiguration$Scope     : Scoping TypeConfiguration [org.hibernate.type.spi.TypeConfiguration@51141f64] to SessionFactoryImplementor [org.hibernate.internal.SessionFactoryImpl@43120a77]
2024-06-07T23:34:53.328+03:00 DEBUG 22132 --- [           main] org.hibernate.SQL                        : 
    alter table member_drug_stocks 
       drop 
       foreign key FK1lhifc9kpe4yq35ei7leqe323
Hibernate: 
    alter table member_drug_stocks 
       drop 
       foreign key FK1lhifc9kpe4yq35ei7leqe323
2024-06-07T23:34:53.349+03:00  WARN 22132 --- [           main] o.h.t.s.i.ExceptionHandlerLoggedImpl     : GenerationTarget encountered exception accepting command : Error executing DDL "
    alter table member_drug_stocks 
       drop 
       foreign key FK1lhifc9kpe4yq35ei7leqe323" via JDBC [Table 'springdrugs.member_drug_stocks' doesn't exist]

org.hibernate.tool.schema.spi.CommandAcceptanceException: Error executing DDL "
    alter table member_drug_stocks 
       drop 
       foreign key FK1lhifc9kpe4yq35ei7leqe323" via JDBC [Table 'springdrugs.member_drug_stocks' doesn't exist]
	at org.hibernate.tool.schema.internal.exec.GenerationTargetToDatabase.accept(GenerationTargetToDatabase.java:94) ~[hibernate-core-6.4.4.Final.jar:6.4.4.Final]
	at org.hibernate.tool.schema.internal.Helper.applySqlString(Helper.java:233) ~[hibernate-core-6.4.4.Final.jar:6.4.4.Final]
	at org.hibernate.tool.schema.internal.Helper.applySqlStrings(Helper.java:217) ~[hibernate-core-6.4.4.Final.jar:6.4.4.Final]
	at org.hibernate.tool.schema.internal.SchemaDropperImpl.applyConstraintDropping(SchemaDropperImpl.java:470) ~[hibernate-core-6.4.4.Final.jar:6.4.4.Final]
	at org.hibernate.tool.schema.internal.SchemaDropperImpl.dropConstraintsTablesSequences(SchemaDropperImpl.java:242) ~[hibernate-core-6.4.4.Final.jar:6.4.4.Final]
	at org.hibernate.tool.schema.internal.SchemaDropperImpl.dropFromMetadata(SchemaDropperImpl.java:215) ~[hibernate-core-6.4.4.Final.jar:6.4.4.Final]
	at org.hibernate.tool.schema.internal.SchemaDropperImpl.performDrop(SchemaDropperImpl.java:185) ~[hibernate-core-6.4.4.Final.jar:6.4.4.Final]
	at org.hibernate.tool.schema.internal.SchemaDropperImpl.doDrop(SchemaDropperImpl.java:155) ~[hibernate-core-6.4.4.Final.jar:6.4.4.Final]
	at org.hibernate.tool.schema.internal.SchemaDropperImpl.doDrop(SchemaDropperImpl.java:115) ~[hibernate-core-6.4.4.Final.jar:6.4.4.Final]
	at org.hibernate.tool.schema.spi.SchemaManagementToolCoordinator.performDatabaseAction(SchemaManagementToolCoordinator.java:244) ~[hibernate-core-6.4.4.Final.jar:6.4.4.Final]
	at org.hibernate.tool.schema.spi.SchemaManagementToolCoordinator.lambda$process$5(SchemaManagementToolCoordinator.java:145) ~[hibernate-core-6.4.4.Final.jar:6.4.4.Final]
	at java.base/java.util.HashMap.forEach(HashMap.java:1421) ~[na:na]
	at org.hibernate.tool.schema.spi.SchemaManagementToolCoordinator.process(SchemaManagementToolCoordinator.java:142) ~[hibernate-core-6.4.4.Final.jar:6.4.4.Final]
	at org.hibernate.boot.internal.SessionFactoryObserverForSchemaExport.sessionFactoryCreated(SessionFactoryObserverForSchemaExport.java:37) ~[hibernate-core-6.4.4.Final.jar:6.4.4.Final]
	at org.hibernate.internal.SessionFactoryObserverChain.sessionFactoryCreated(SessionFactoryObserverChain.java:35) ~[hibernate-core-6.4.4.Final.jar:6.4.4.Final]
	at org.hibernate.internal.SessionFactoryImpl.<init>(SessionFactoryImpl.java:315) ~[hibernate-core-6.4.4.Final.jar:6.4.4.Final]
	at org.hibernate.boot.internal.SessionFactoryBuilderImpl.build(SessionFactoryBuilderImpl.java:450) ~[hibernate-core-6.4.4.Final.jar:6.4.4.Final]
	at org.hibernate.jpa.boot.internal.EntityManagerFactoryBuilderImpl.build(EntityManagerFactoryBuilderImpl.java:1507) ~[hibernate-core-6.4.4.Final.jar:6.4.4.Final]
	at org.springframework.orm.jpa.vendor.SpringHibernateJpaPersistenceProvider.createContainerEntityManagerFactory(SpringHibernateJpaPersistenceProvider.java:75) ~[spring-orm-6.1.4.jar:6.1.4]
	at org.springframework.orm.jpa.LocalContainerEntityManagerFactoryBean.createNativeEntityManagerFactory(LocalContainerEntityManagerFactoryBean.java:388) ~[spring-orm-6.1.4.jar:6.1.4]
	at org.springframework.orm.jpa.AbstractEntityManagerFactoryBean.buildNativeEntityManagerFactory(AbstractEntityManagerFactoryBean.java:409) ~[spring-orm-6.1.4.jar:6.1.4]
	at org.springframework.orm.jpa.AbstractEntityManagerFactoryBean.afterPropertiesSet(AbstractEntityManagerFactoryBean.java:396) ~[spring-orm-6.1.4.jar:6.1.4]
	at org.springframework.orm.jpa.LocalContainerEntityManagerFactoryBean.afterPropertiesSet(LocalContainerEntityManagerFactoryBean.java:364) ~[spring-orm-6.1.4.jar:6.1.4]
	at org.springframework.beans.factory.support.AbstractAutowireCapableBeanFactory.invokeInitMethods(AbstractAutowireCapableBeanFactory.java:1833) ~[spring-beans-6.1.4.jar:6.1.4]
	at org.springframework.beans.factory.support.AbstractAutowireCapableBeanFactory.initializeBean(AbstractAutowireCapableBeanFactory.java:1782) ~[spring-beans-6.1.4.jar:6.1.4]
	at org.springframework.beans.factory.support.AbstractAutowireCapableBeanFactory.doCreateBean(AbstractAutowireCapableBeanFactory.java:600) ~[spring-beans-6.1.4.jar:6.1.4]
	at org.springframework.beans.factory.support.AbstractAutowireCapableBeanFactory.createBean(AbstractAutowireCapableBeanFactory.java:522) ~[spring-beans-6.1.4.jar:6.1.4]
	at org.springframework.beans.factory.support.AbstractBeanFactory.lambda$doGetBean$0(AbstractBeanFactory.java:325) ~[spring-beans-6.1.4.jar:6.1.4]
	at org.springframework.beans.factory.support.DefaultSingletonBeanRegistry.getSingleton(DefaultSingletonBeanRegistry.java:234) ~[spring-beans-6.1.4.jar:6.1.4]
	at org.springframework.beans.factory.support.AbstractBeanFactory.doGetBean(AbstractBeanFactory.java:323) ~[spring-beans-6.1.4.jar:6.1.4]
	at org.springframework.beans.factory.support.AbstractBeanFactory.getBean(AbstractBeanFactory.java:199) ~[spring-beans-6.1.4.jar:6.1.4]
	at org.springframework.context.support.AbstractApplicationContext.getBean(AbstractApplicationContext.java:1231) ~[spring-context-6.1.4.jar:6.1.4]
	at org.springframework.context.support.AbstractApplicationContext.finishBeanFactoryInitialization(AbstractApplicationContext.java:949) ~[spring-context-6.1.4.jar:6.1.4]
	at org.springframework.context.support.AbstractApplicationContext.refresh(AbstractApplicationContext.java:624) ~[spring-context-6.1.4.jar:6.1.4]
	at org.springframework.boot.SpringApplication.refresh(SpringApplication.java:754) ~[spring-boot-3.2.3.jar:3.2.3]
	at org.springframework.boot.SpringApplication.refreshContext(SpringApplication.java:456) ~[spring-boot-3.2.3.jar:3.2.3]
	at org.springframework.boot.SpringApplication.run(SpringApplication.java:334) ~[spring-boot-3.2.3.jar:3.2.3]
	at org.springframework.boot.test.context.SpringBootContextLoader.lambda$loadContext$3(SpringBootContextLoader.java:137) ~[spring-boot-test-3.2.3.jar:3.2.3]
	at org.springframework.util.function.ThrowingSupplier.get(ThrowingSupplier.java:58) ~[spring-core-6.1.4.jar:6.1.4]
	at org.springframework.util.function.ThrowingSupplier.get(ThrowingSupplier.java:46) ~[spring-core-6.1.4.jar:6.1.4]
	at org.springframework.boot.SpringApplication.withHook(SpringApplication.java:1454) ~[spring-boot-3.2.3.jar:3.2.3]
	at org.springframework.boot.test.context.SpringBootContextLoader$ContextLoaderHook.run(SpringBootContextLoader.java:553) ~[spring-boot-test-3.2.3.jar:3.2.3]
	at org.springframework.boot.test.context.SpringBootContextLoader.loadContext(SpringBootContextLoader.java:137) ~[spring-boot-test-3.2.3.jar:3.2.3]
	at org.springframework.boot.test.context.SpringBootContextLoader.loadContext(SpringBootContextLoader.java:108) ~[spring-boot-test-3.2.3.jar:3.2.3]
	at org.springframework.test.context.cache.DefaultCacheAwareContextLoaderDelegate.loadContextInternal(DefaultCacheAwareContextLoaderDelegate.java:225) ~[spring-test-6.1.4.jar:6.1.4]
	at org.springframework.test.context.cache.DefaultCacheAwareContextLoaderDelegate.loadContext(DefaultCacheAwareContextLoaderDelegate.java:152) ~[spring-test-6.1.4.jar:6.1.4]
	at org.springframework.test.context.support.DefaultTestContext.getApplicationContext(DefaultTestContext.java:130) ~[spring-test-6.1.4.jar:6.1.4]
	at org.springframework.test.context.web.ServletTestExecutionListener.setUpRequestContextIfNecessary(ServletTestExecutionListener.java:191) ~[spring-test-6.1.4.jar:6.1.4]
	at org.springframework.test.context.web.ServletTestExecutionListener.prepareTestInstance(ServletTestExecutionListener.java:130) ~[spring-test-6.1.4.jar:6.1.4]
	at org.springframework.test.context.TestContextManager.prepareTestInstance(TestContextManager.java:260) ~[spring-test-6.1.4.jar:6.1.4]
	at org.springframework.test.context.junit.jupiter.SpringExtension.postProcessTestInstance(SpringExtension.java:163) ~[spring-test-6.1.4.jar:6.1.4]
	at org.junit.jupiter.engine.descriptor.ClassBasedTestDescriptor.lambda$invokeTestInstancePostProcessors$10(ClassBasedTestDescriptor.java:378) ~[junit-jupiter-engine-5.10.2.jar:5.10.2]
	at org.junit.jupiter.engine.descriptor.ClassBasedTestDescriptor.executeAndMaskThrowable(ClassBasedTestDescriptor.java:383) ~[junit-jupiter-engine-5.10.2.jar:5.10.2]
	at org.junit.jupiter.engine.descriptor.ClassBasedTestDescriptor.lambda$invokeTestInstancePostProcessors$11(ClassBasedTestDescriptor.java:378) ~[junit-jupiter-engine-5.10.2.jar:5.10.2]
	at java.base/java.util.stream.ReferencePipeline$3$1.accept(ReferencePipeline.java:197) ~[na:na]
	at java.base/java.util.stream.ReferencePipeline$2$1.accept(ReferencePipeline.java:179) ~[na:na]
	at java.base/java.util.ArrayList$ArrayListSpliterator.forEachRemaining(ArrayList.java:1625) ~[na:na]
	at java.base/java.util.stream.AbstractPipeline.copyInto(AbstractPipeline.java:509) ~[na:na]
	at java.base/java.util.stream.AbstractPipeline.wrapAndCopyInto(AbstractPipeline.java:499) ~[na:na]
	at java.base/java.util.stream.StreamSpliterators$WrappingSpliterator.forEachRemaining(StreamSpliterators.java:310) ~[na:na]
	at java.base/java.util.stream.Streams$ConcatSpliterator.forEachRemaining(Streams.java:735) ~[na:na]
	at java.base/java.util.stream.Streams$ConcatSpliterator.forEachRemaining(Streams.java:734) ~[na:na]
	at java.base/java.util.stream.ReferencePipeline$Head.forEach(ReferencePipeline.java:762) ~[na:na]
	at org.junit.jupiter.engine.descriptor.ClassBasedTestDescriptor.invokeTestInstancePostProcessors(ClassBasedTestDescriptor.java:377) ~[junit-jupiter-engine-5.10.2.jar:5.10.2]
	at org.junit.jupiter.engine.descriptor.ClassBasedTestDescriptor.lambda$instantiateAndPostProcessTestInstance$6(ClassBasedTestDescriptor.java:290) ~[junit-jupiter-engine-5.10.2.jar:5.10.2]
	at org.junit.platform.engine.support.hierarchical.ThrowableCollector.execute(ThrowableCollector.java:73) ~[junit-platform-engine-1.10.2.jar:1.10.2]
	at org.junit.jupiter.engine.descriptor.ClassBasedTestDescriptor.instantiateAndPostProcessTestInstance(ClassBasedTestDescriptor.java:289) ~[junit-jupiter-engine-5.10.2.jar:5.10.2]
	at org.junit.jupiter.engine.descriptor.ClassBasedTestDescriptor.lambda$testInstancesProvider$4(ClassBasedTestDescriptor.java:279) ~[junit-jupiter-engine-5.10.2.jar:5.10.2]
	at java.base/java.util.Optional.orElseGet(Optional.java:364) ~[na:na]
	at org.junit.jupiter.engine.descriptor.ClassBasedTestDescriptor.lambda$testInstancesProvider$5(ClassBasedTestDescriptor.java:278) ~[junit-jupiter-engine-5.10.2.jar:5.10.2]
	at org.junit.jupiter.engine.execution.TestInstancesProvider.getTestInstances(TestInstancesProvider.java:31) ~[junit-jupiter-engine-5.10.2.jar:5.10.2]
	at org.junit.jupiter.engine.descriptor.TestMethodTestDescriptor.lambda$prepare$0(TestMethodTestDescriptor.java:106) ~[junit-jupiter-engine-5.10.2.jar:5.10.2]
	at org.junit.platform.engine.support.hierarchical.ThrowableCollector.execute(ThrowableCollector.java:73) ~[junit-platform-engine-1.10.2.jar:1.10.2]
	at org.junit.jupiter.engine.descriptor.TestMethodTestDescriptor.prepare(TestMethodTestDescriptor.java:105) ~[junit-jupiter-engine-5.10.2.jar:5.10.2]
	at org.junit.jupiter.engine.descriptor.TestMethodTestDescriptor.prepare(TestMethodTestDescriptor.java:69) ~[junit-jupiter-engine-5.10.2.jar:5.10.2]
	at org.junit.platform.engine.support.hierarchical.NodeTestTask.lambda$prepare$2(NodeTestTask.java:123) ~[junit-platform-engine-1.10.2.jar:1.10.2]
	at org.junit.platform.engine.support.hierarchical.ThrowableCollector.execute(ThrowableCollector.java:73) ~[junit-platform-engine-1.10.2.jar:1.10.2]
	at org.junit.platform.engine.support.hierarchical.NodeTestTask.prepare(NodeTestTask.java:123) ~[junit-platform-engine-1.10.2.jar:1.10.2]
	at org.junit.platform.engine.support.hierarchical.NodeTestTask.execute(NodeTestTask.java:90) ~[junit-platform-engine-1.10.2.jar:1.10.2]
	at java.base/java.util.ArrayList.forEach(ArrayList.java:1511) ~[na:na]
	at org.junit.platform.engine.support.hierarchical.SameThreadHierarchicalTestExecutorService.invokeAll(SameThreadHierarchicalTestExecutorService.java:41) ~[junit-platform-engine-1.10.2.jar:1.10.2]
	at org.junit.platform.engine.support.hierarchical.NodeTestTask.lambda$executeRecursively$6(NodeTestTask.java:155) ~[junit-platform-engine-1.10.2.jar:1.10.2]
	at org.junit.platform.engine.support.hierarchical.ThrowableCollector.execute(ThrowableCollector.java:73) ~[junit-platform-engine-1.10.2.jar:1.10.2]
	at org.junit.platform.engine.support.hierarchical.NodeTestTask.lambda$executeRecursively$8(NodeTestTask.java:141) ~[junit-platform-engine-1.10.2.jar:1.10.2]
	at org.junit.platform.engine.support.hierarchical.Node.around(Node.java:137) ~[junit-platform-engine-1.10.2.jar:1.10.2]
	at org.junit.platform.engine.support.hierarchical.NodeTestTask.lambda$executeRecursively$9(NodeTestTask.java:139) ~[junit-platform-engine-1.10.2.jar:1.10.2]
	at org.junit.platform.engine.support.hierarchical.ThrowableCollector.execute(ThrowableCollector.java:73) ~[junit-platform-engine-1.10.2.jar:1.10.2]
	at org.junit.platform.engine.support.hierarchical.NodeTestTask.executeRecursively(NodeTestTask.java:138) ~[junit-platform-engine-1.10.2.jar:1.10.2]
	at org.junit.platform.engine.support.hierarchical.NodeTestTask.execute(NodeTestTask.java:95) ~[junit-platform-engine-1.10.2.jar:1.10.2]
	at java.base/java.util.ArrayList.forEach(ArrayList.java:1511) ~[na:na]
	at org.junit.platform.engine.support.hierarchical.SameThreadHierarchicalTestExecutorService.invokeAll(SameThreadHierarchicalTestExecutorService.java:41) ~[junit-platform-engine-1.10.2.jar:1.10.2]
	at org.junit.platform.engine.support.hierarchical.NodeTestTask.lambda$executeRecursively$6(NodeTestTask.java:155) ~[junit-platform-engine-1.10.2.jar:1.10.2]
	at org.junit.platform.engine.support.hierarchical.ThrowableCollector.execute(ThrowableCollector.java:73) ~[junit-platform-engine-1.10.2.jar:1.10.2]
	at org.junit.platform.engine.support.hierarchical.NodeTestTask.lambda$executeRecursively$8(NodeTestTask.java:141) ~[junit-platform-engine-1.10.2.jar:1.10.2]
	at org.junit.platform.engine.support.hierarchical.Node.around(Node.java:137) ~[junit-platform-engine-1.10.2.jar:1.10.2]
	at org.junit.platform.engine.support.hierarchical.NodeTestTask.lambda$executeRecursively$9(NodeTestTask.java:139) ~[junit-platform-engine-1.10.2.jar:1.10.2]
	at org.junit.platform.engine.support.hierarchical.ThrowableCollector.execute(ThrowableCollector.java:73) ~[junit-platform-engine-1.10.2.jar:1.10.2]
	at org.junit.platform.engine.support.hierarchical.NodeTestTask.executeRecursively(NodeTestTask.java:138) ~[junit-platform-engine-1.10.2.jar:1.10.2]
	at org.junit.platform.engine.support.hierarchical.NodeTestTask.execute(NodeTestTask.java:95) ~[junit-platform-engine-1.10.2.jar:1.10.2]
	at org.junit.platform.engine.support.hierarchical.SameThreadHierarchicalTestExecutorService.submit(SameThreadHierarchicalTestExecutorService.java:35) ~[junit-platform-engine-1.10.2.jar:1.10.2]
	at org.junit.platform.engine.support.hierarchical.HierarchicalTestExecutor.execute(HierarchicalTestExecutor.java:57) ~[junit-platform-engine-1.10.2.jar:1.10.2]
	at org.junit.platform.engine.support.hierarchical.HierarchicalTestEngine.execute(HierarchicalTestEngine.java:54) ~[junit-platform-engine-1.10.2.jar:1.10.2]
	at org.junit.platform.launcher.core.EngineExecutionOrchestrator.execute(EngineExecutionOrchestrator.java:198) ~[junit-platform-launcher-1.10.2.jar:1.10.2]
	at org.junit.platform.launcher.core.EngineExecutionOrchestrator.execute(EngineExecutionOrchestrator.java:169) ~[junit-platform-launcher-1.10.2.jar:1.10.2]
	at org.junit.platform.launcher.core.EngineExecutionOrchestrator.execute(EngineExecutionOrchestrator.java:93) ~[junit-platform-launcher-1.10.2.jar:1.10.2]
	at org.junit.platform.launcher.core.EngineExecutionOrchestrator.lambda$execute$0(EngineExecutionOrchestrator.java:58) ~[junit-platform-launcher-1.10.2.jar:1.10.2]
	at org.junit.platform.launcher.core.EngineExecutionOrchestrator.withInterceptedStreams(EngineExecutionOrchestrator.java:141) ~[junit-platform-launcher-1.10.2.jar:1.10.2]
	at org.junit.platform.launcher.core.EngineExecutionOrchestrator.execute(EngineExecutionOrchestrator.java:57) ~[junit-platform-launcher-1.10.2.jar:1.10.2]
	at org.junit.platform.launcher.core.DefaultLauncher.execute(DefaultLauncher.java:103) ~[junit-platform-launcher-1.10.2.jar:1.10.2]
	at org.junit.platform.launcher.core.DefaultLauncher.execute(DefaultLauncher.java:85) ~[junit-platform-launcher-1.10.2.jar:1.10.2]
	at org.junit.platform.launcher.core.DelegatingLauncher.execute(DelegatingLauncher.java:47) ~[junit-platform-launcher-1.10.2.jar:1.10.2]
	at org.apache.maven.surefire.junitplatform.LazyLauncher.execute(LazyLauncher.java:56) ~[surefire-junit-platform-3.1.2.jar:3.1.2]
	at org.apache.maven.surefire.junitplatform.JUnitPlatformProvider.execute(JUnitPlatformProvider.java:184) ~[surefire-junit-platform-3.1.2.jar:3.1.2]
	at org.apache.maven.surefire.junitplatform.JUnitPlatformProvider.invokeAllTests(JUnitPlatformProvider.java:148) ~[surefire-junit-platform-3.1.2.jar:3.1.2]
	at org.apache.maven.surefire.junitplatform.JUnitPlatformProvider.invoke(JUnitPlatformProvider.java:122) ~[surefire-junit-platform-3.1.2.jar:3.1.2]
	at org.apache.maven.surefire.booter.ForkedBooter.runSuitesInProcess(ForkedBooter.java:385) ~[surefire-booter-3.1.2.jar:3.1.2]
	at org.apache.maven.surefire.booter.ForkedBooter.execute(ForkedBooter.java:162) ~[surefire-booter-3.1.2.jar:3.1.2]
	at org.apache.maven.surefire.booter.ForkedBooter.run(ForkedBooter.java:507) ~[surefire-booter-3.1.2.jar:3.1.2]
	at org.apache.maven.surefire.booter.ForkedBooter.main(ForkedBooter.java:495) ~[surefire-booter-3.1.2.jar:3.1.2]
Caused by: java.sql.SQLSyntaxErrorException: Table 'springdrugs.member_drug_stocks' doesn't exist
	at com.mysql.cj.jdbc.exceptions.SQLError.createSQLException(SQLError.java:121) ~[mysql-connector-j-8.3.0.jar:8.3.0]
	at com.mysql.cj.jdbc.exceptions.SQLExceptionsMapping.translateException(SQLExceptionsMapping.java:122) ~[mysql-connector-j-8.3.0.jar:8.3.0]
	at com.mysql.cj.jdbc.StatementImpl.executeInternal(StatementImpl.java:770) ~[mysql-connector-j-8.3.0.jar:8.3.0]
	at com.mysql.cj.jdbc.StatementImpl.execute(StatementImpl.java:653) ~[mysql-connector-j-8.3.0.jar:8.3.0]
	at com.zaxxer.hikari.pool.ProxyStatement.execute(ProxyStatement.java:94) ~[HikariCP-5.0.1.jar:na]
	at com.zaxxer.hikari.pool.HikariProxyStatement.execute(HikariProxyStatement.java) ~[HikariCP-5.0.1.jar:na]
	at org.hibernate.tool.schema.internal.exec.GenerationTargetToDatabase.accept(GenerationTargetToDatabase.java:80) ~[hibernate-core-6.4.4.Final.jar:6.4.4.Final]
	... 118 common frames omitted

2024-06-07T23:34:53.359+03:00 DEBUG 22132 --- [           main] org.hibernate.SQL                        : 
    alter table member_drug_stocks 
       drop 
       foreign key FK1x9ue5fv9s9qx2tg9y974ndp2
Hibernate: 
    alter table member_drug_stocks 
       drop 
       foreign key FK1x9ue5fv9s9qx2tg9y974ndp2
2024-06-07T23:34:53.363+03:00  WARN 22132 --- [           main] o.h.t.s.i.ExceptionHandlerLoggedImpl     : GenerationTarget encountered exception accepting command : Error executing DDL "
    alter table member_drug_stocks 
       drop 
       foreign key FK1x9ue5fv9s9qx2tg9y974ndp2" via JDBC [Table 'springdrugs.member_drug_stocks' doesn't exist]

org.hibernate.tool.schema.spi.CommandAcceptanceException: Error executing DDL "
    alter table member_drug_stocks 
       drop 
       foreign key FK1x9ue5fv9s9qx2tg9y974ndp2" via JDBC [Table 'springdrugs.member_drug_stocks' doesn't exist]
	at org.hibernate.tool.schema.internal.exec.GenerationTargetToDatabase.accept(GenerationTargetToDatabase.java:94) ~[hibernate-core-6.4.4.Final.jar:6.4.4.Final]
	at org.hibernate.tool.schema.internal.Helper.applySqlString(Helper.java:233) ~[hibernate-core-6.4.4.Final.jar:6.4.4.Final]
	at org.hibernate.tool.schema.internal.Helper.applySqlStrings(Helper.java:217) ~[hibernate-core-6.4.4.Final.jar:6.4.4.Final]
	at org.hibernate.tool.schema.internal.SchemaDropperImpl.applyConstraintDropping(SchemaDropperImpl.java:470) ~[hibernate-core-6.4.4.Final.jar:6.4.4.Final]
	at org.hibernate.tool.schema.internal.SchemaDropperImpl.dropConstraintsTablesSequences(SchemaDropperImpl.java:242) ~[hibernate-core-6.4.4.Final.jar:6.4.4.Final]
	at org.hibernate.tool.schema.internal.SchemaDropperImpl.dropFromMetadata(SchemaDropperImpl.java:215) ~[hibernate-core-6.4.4.Final.jar:6.4.4.Final]
	at org.hibernate.tool.schema.internal.SchemaDropperImpl.performDrop(SchemaDropperImpl.java:185) ~[hibernate-core-6.4.4.Final.jar:6.4.4.Final]
	at org.hibernate.tool.schema.internal.SchemaDropperImpl.doDrop(SchemaDropperImpl.java:155) ~[hibernate-core-6.4.4.Final.jar:6.4.4.Final]
	at org.hibernate.tool.schema.internal.SchemaDropperImpl.doDrop(SchemaDropperImpl.java:115) ~[hibernate-core-6.4.4.Final.jar:6.4.4.Final]
	at org.hibernate.tool.schema.spi.SchemaManagementToolCoordinator.performDatabaseAction(SchemaManagementToolCoordinator.java:244) ~[hibernate-core-6.4.4.Final.jar:6.4.4.Final]
	at org.hibernate.tool.schema.spi.SchemaManagementToolCoordinator.lambda$process$5(SchemaManagementToolCoordinator.java:145) ~[hibernate-core-6.4.4.Final.jar:6.4.4.Final]
	at java.base/java.util.HashMap.forEach(HashMap.java:1421) ~[na:na]
	at org.hibernate.tool.schema.spi.SchemaManagementToolCoordinator.process(SchemaManagementToolCoordinator.java:142) ~[hibernate-core-6.4.4.Final.jar:6.4.4.Final]
	at org.hibernate.boot.internal.SessionFactoryObserverForSchemaExport.sessionFactoryCreated(SessionFactoryObserverForSchemaExport.java:37) ~[hibernate-core-6.4.4.Final.jar:6.4.4.Final]
	at org.hibernate.internal.SessionFactoryObserverChain.sessionFactoryCreated(SessionFactoryObserverChain.java:35) ~[hibernate-core-6.4.4.Final.jar:6.4.4.Final]
	at org.hibernate.internal.SessionFactoryImpl.<init>(SessionFactoryImpl.java:315) ~[hibernate-core-6.4.4.Final.jar:6.4.4.Final]
	at org.hibernate.boot.internal.SessionFactoryBuilderImpl.build(SessionFactoryBuilderImpl.java:450) ~[hibernate-core-6.4.4.Final.jar:6.4.4.Final]
	at org.hibernate.jpa.boot.internal.EntityManagerFactoryBuilderImpl.build(EntityManagerFactoryBuilderImpl.java:1507) ~[hibernate-core-6.4.4.Final.jar:6.4.4.Final]
	at org.springframework.orm.jpa.vendor.SpringHibernateJpaPersistenceProvider.createContainerEntityManagerFactory(SpringHibernateJpaPersistenceProvider.java:75) ~[spring-orm-6.1.4.jar:6.1.4]
	at org.springframework.orm.jpa.LocalContainerEntityManagerFactoryBean.createNativeEntityManagerFactory(LocalContainerEntityManagerFactoryBean.java:388) ~[spring-orm-6.1.4.jar:6.1.4]
	at org.springframework.orm.jpa.AbstractEntityManagerFactoryBean.buildNativeEntityManagerFactory(AbstractEntityManagerFactoryBean.java:409) ~[spring-orm-6.1.4.jar:6.1.4]
	at org.springframework.orm.jpa.AbstractEntityManagerFactoryBean.afterPropertiesSet(AbstractEntityManagerFactoryBean.java:396) ~[spring-orm-6.1.4.jar:6.1.4]
	at org.springframework.orm.jpa.LocalContainerEntityManagerFactoryBean.afterPropertiesSet(LocalContainerEntityManagerFactoryBean.java:364) ~[spring-orm-6.1.4.jar:6.1.4]
	at org.springframework.beans.factory.support.AbstractAutowireCapableBeanFactory.invokeInitMethods(AbstractAutowireCapableBeanFactory.java:1833) ~[spring-beans-6.1.4.jar:6.1.4]
	at org.springframework.beans.factory.support.AbstractAutowireCapableBeanFactory.initializeBean(AbstractAutowireCapableBeanFactory.java:1782) ~[spring-beans-6.1.4.jar:6.1.4]
	at org.springframework.beans.factory.support.AbstractAutowireCapableBeanFactory.doCreateBean(AbstractAutowireCapableBeanFactory.java:600) ~[spring-beans-6.1.4.jar:6.1.4]
	at org.springframework.beans.factory.support.AbstractAutowireCapableBeanFactory.createBean(AbstractAutowireCapableBeanFactory.java:522) ~[spring-beans-6.1.4.jar:6.1.4]
	at org.springframework.beans.factory.support.AbstractBeanFactory.lambda$doGetBean$0(AbstractBeanFactory.java:325) ~[spring-beans-6.1.4.jar:6.1.4]
	at org.springframework.beans.factory.support.DefaultSingletonBeanRegistry.getSingleton(DefaultSingletonBeanRegistry.java:234) ~[spring-beans-6.1.4.jar:6.1.4]
	at org.springframework.beans.factory.support.AbstractBeanFactory.doGetBean(AbstractBeanFactory.java:323) ~[spring-beans-6.1.4.jar:6.1.4]
	at org.springframework.beans.factory.support.AbstractBeanFactory.getBean(AbstractBeanFactory.java:199) ~[spring-beans-6.1.4.jar:6.1.4]
	at org.springframework.context.support.AbstractApplicationContext.getBean(AbstractApplicationContext.java:1231) ~[spring-context-6.1.4.jar:6.1.4]
	at org.springframework.context.support.AbstractApplicationContext.finishBeanFactoryInitialization(AbstractApplicationContext.java:949) ~[spring-context-6.1.4.jar:6.1.4]
	at org.springframework.context.support.AbstractApplicationContext.refresh(AbstractApplicationContext.java:624) ~[spring-context-6.1.4.jar:6.1.4]
	at org.springframework.boot.SpringApplication.refresh(SpringApplication.java:754) ~[spring-boot-3.2.3.jar:3.2.3]
	at org.springframework.boot.SpringApplication.refreshContext(SpringApplication.java:456) ~[spring-boot-3.2.3.jar:3.2.3]
	at org.springframework.boot.SpringApplication.run(SpringApplication.java:334) ~[spring-boot-3.2.3.jar:3.2.3]
	at org.springframework.boot.test.context.SpringBootContextLoader.lambda$loadContext$3(SpringBootContextLoader.java:137) ~[spring-boot-test-3.2.3.jar:3.2.3]
	at org.springframework.util.function.ThrowingSupplier.get(ThrowingSupplier.java:58) ~[spring-core-6.1.4.jar:6.1.4]
	at org.springframework.util.function.ThrowingSupplier.get(ThrowingSupplier.java:46) ~[spring-core-6.1.4.jar:6.1.4]
	at org.springframework.boot.SpringApplication.withHook(SpringApplication.java:1454) ~[spring-boot-3.2.3.jar:3.2.3]
	at org.springframework.boot.test.context.SpringBootContextLoader$ContextLoaderHook.run(SpringBootContextLoader.java:553) ~[spring-boot-test-3.2.3.jar:3.2.3]
	at org.springframework.boot.test.context.SpringBootContextLoader.loadContext(SpringBootContextLoader.java:137) ~[spring-boot-test-3.2.3.jar:3.2.3]
	at org.springframework.boot.test.context.SpringBootContextLoader.loadContext(SpringBootContextLoader.java:108) ~[spring-boot-test-3.2.3.jar:3.2.3]
	at org.springframework.test.context.cache.DefaultCacheAwareContextLoaderDelegate.loadContextInternal(DefaultCacheAwareContextLoaderDelegate.java:225) ~[spring-test-6.1.4.jar:6.1.4]
	at org.springframework.test.context.cache.DefaultCacheAwareContextLoaderDelegate.loadContext(DefaultCacheAwareContextLoaderDelegate.java:152) ~[spring-test-6.1.4.jar:6.1.4]
	at org.springframework.test.context.support.DefaultTestContext.getApplicationContext(DefaultTestContext.java:130) ~[spring-test-6.1.4.jar:6.1.4]
	at org.springframework.test.context.web.ServletTestExecutionListener.setUpRequestContextIfNecessary(ServletTestExecutionListener.java:191) ~[spring-test-6.1.4.jar:6.1.4]
	at org.springframework.test.context.web.ServletTestExecutionListener.prepareTestInstance(ServletTestExecutionListener.java:130) ~[spring-test-6.1.4.jar:6.1.4]
	at org.springframework.test.context.TestContextManager.prepareTestInstance(TestContextManager.java:260) ~[spring-test-6.1.4.jar:6.1.4]
	at org.springframework.test.context.junit.jupiter.SpringExtension.postProcessTestInstance(SpringExtension.java:163) ~[spring-test-6.1.4.jar:6.1.4]
	at org.junit.jupiter.engine.descriptor.ClassBasedTestDescriptor.lambda$invokeTestInstancePostProcessors$10(ClassBasedTestDescriptor.java:378) ~[junit-jupiter-engine-5.10.2.jar:5.10.2]
	at org.junit.jupiter.engine.descriptor.ClassBasedTestDescriptor.executeAndMaskThrowable(ClassBasedTestDescriptor.java:383) ~[junit-jupiter-engine-5.10.2.jar:5.10.2]
	at org.junit.jupiter.engine.descriptor.ClassBasedTestDescriptor.lambda$invokeTestInstancePostProcessors$11(ClassBasedTestDescriptor.java:378) ~[junit-jupiter-engine-5.10.2.jar:5.10.2]
	at java.base/java.util.stream.ReferencePipeline$3$1.accept(ReferencePipeline.java:197) ~[na:na]
	at java.base/java.util.stream.ReferencePipeline$2$1.accept(ReferencePipeline.java:179) ~[na:na]
	at java.base/java.util.ArrayList$ArrayListSpliterator.forEachRemaining(ArrayList.java:1625) ~[na:na]
	at java.base/java.util.stream.AbstractPipeline.copyInto(AbstractPipeline.java:509) ~[na:na]
	at java.base/java.util.stream.AbstractPipeline.wrapAndCopyInto(AbstractPipeline.java:499) ~[na:na]
	at java.base/java.util.stream.StreamSpliterators$WrappingSpliterator.forEachRemaining(StreamSpliterators.java:310) ~[na:na]
	at java.base/java.util.stream.Streams$ConcatSpliterator.forEachRemaining(Streams.java:735) ~[na:na]
	at java.base/java.util.stream.Streams$ConcatSpliterator.forEachRemaining(Streams.java:734) ~[na:na]
	at java.base/java.util.stream.ReferencePipeline$Head.forEach(ReferencePipeline.java:762) ~[na:na]
	at org.junit.jupiter.engine.descriptor.ClassBasedTestDescriptor.invokeTestInstancePostProcessors(ClassBasedTestDescriptor.java:377) ~[junit-jupiter-engine-5.10.2.jar:5.10.2]
	at org.junit.jupiter.engine.descriptor.ClassBasedTestDescriptor.lambda$instantiateAndPostProcessTestInstance$6(ClassBasedTestDescriptor.java:290) ~[junit-jupiter-engine-5.10.2.jar:5.10.2]
	at org.junit.platform.engine.support.hierarchical.ThrowableCollector.execute(ThrowableCollector.java:73) ~[junit-platform-engine-1.10.2.jar:1.10.2]
	at org.junit.jupiter.engine.descriptor.ClassBasedTestDescriptor.instantiateAndPostProcessTestInstance(ClassBasedTestDescriptor.java:289) ~[junit-jupiter-engine-5.10.2.jar:5.10.2]
	at org.junit.jupiter.engine.descriptor.ClassBasedTestDescriptor.lambda$testInstancesProvider$4(ClassBasedTestDescriptor.java:279) ~[junit-jupiter-engine-5.10.2.jar:5.10.2]
	at java.base/java.util.Optional.orElseGet(Optional.java:364) ~[na:na]
	at org.junit.jupiter.engine.descriptor.ClassBasedTestDescriptor.lambda$testInstancesProvider$5(ClassBasedTestDescriptor.java:278) ~[junit-jupiter-engine-5.10.2.jar:5.10.2]
	at org.junit.jupiter.engine.execution.TestInstancesProvider.getTestInstances(TestInstancesProvider.java:31) ~[junit-jupiter-engine-5.10.2.jar:5.10.2]
	at org.junit.jupiter.engine.descriptor.TestMethodTestDescriptor.lambda$prepare$0(TestMethodTestDescriptor.java:106) ~[junit-jupiter-engine-5.10.2.jar:5.10.2]
	at org.junit.platform.engine.support.hierarchical.ThrowableCollector.execute(ThrowableCollector.java:73) ~[junit-platform-engine-1.10.2.jar:1.10.2]
	at org.junit.jupiter.engine.descriptor.TestMethodTestDescriptor.prepare(TestMethodTestDescriptor.java:105) ~[junit-jupiter-engine-5.10.2.jar:5.10.2]
	at org.junit.jupiter.engine.descriptor.TestMethodTestDescriptor.prepare(TestMethodTestDescriptor.java:69) ~[junit-jupiter-engine-5.10.2.jar:5.10.2]
	at org.junit.platform.engine.support.hierarchical.NodeTestTask.lambda$prepare$2(NodeTestTask.java:123) ~[junit-platform-engine-1.10.2.jar:1.10.2]
	at org.junit.platform.engine.support.hierarchical.ThrowableCollector.execute(ThrowableCollector.java:73) ~[junit-platform-engine-1.10.2.jar:1.10.2]
	at org.junit.platform.engine.support.hierarchical.NodeTestTask.prepare(NodeTestTask.java:123) ~[junit-platform-engine-1.10.2.jar:1.10.2]
	at org.junit.platform.engine.support.hierarchical.NodeTestTask.execute(NodeTestTask.java:90) ~[junit-platform-engine-1.10.2.jar:1.10.2]
	at java.base/java.util.ArrayList.forEach(ArrayList.java:1511) ~[na:na]
	at org.junit.platform.engine.support.hierarchical.SameThreadHierarchicalTestExecutorService.invokeAll(SameThreadHierarchicalTestExecutorService.java:41) ~[junit-platform-engine-1.10.2.jar:1.10.2]
	at org.junit.platform.engine.support.hierarchical.NodeTestTask.lambda$executeRecursively$6(NodeTestTask.java:155) ~[junit-platform-engine-1.10.2.jar:1.10.2]
	at org.junit.platform.engine.support.hierarchical.ThrowableCollector.execute(ThrowableCollector.java:73) ~[junit-platform-engine-1.10.2.jar:1.10.2]
	at org.junit.platform.engine.support.hierarchical.NodeTestTask.lambda$executeRecursively$8(NodeTestTask.java:141) ~[junit-platform-engine-1.10.2.jar:1.10.2]
	at org.junit.platform.engine.support.hierarchical.Node.around(Node.java:137) ~[junit-platform-engine-1.10.2.jar:1.10.2]
	at org.junit.platform.engine.support.hierarchical.NodeTestTask.lambda$executeRecursively$9(NodeTestTask.java:139) ~[junit-platform-engine-1.10.2.jar:1.10.2]
	at org.junit.platform.engine.support.hierarchical.ThrowableCollector.execute(ThrowableCollector.java:73) ~[junit-platform-engine-1.10.2.jar:1.10.2]
	at org.junit.platform.engine.support.hierarchical.NodeTestTask.executeRecursively(NodeTestTask.java:138) ~[junit-platform-engine-1.10.2.jar:1.10.2]
	at org.junit.platform.engine.support.hierarchical.NodeTestTask.execute(NodeTestTask.java:95) ~[junit-platform-engine-1.10.2.jar:1.10.2]
	at java.base/java.util.ArrayList.forEach(ArrayList.java:1511) ~[na:na]
	at org.junit.platform.engine.support.hierarchical.SameThreadHierarchicalTestExecutorService.invokeAll(SameThreadHierarchicalTestExecutorService.java:41) ~[junit-platform-engine-1.10.2.jar:1.10.2]
	at org.junit.platform.engine.support.hierarchical.NodeTestTask.lambda$executeRecursively$6(NodeTestTask.java:155) ~[junit-platform-engine-1.10.2.jar:1.10.2]
	at org.junit.platform.engine.support.hierarchical.ThrowableCollector.execute(ThrowableCollector.java:73) ~[junit-platform-engine-1.10.2.jar:1.10.2]
	at org.junit.platform.engine.support.hierarchical.NodeTestTask.lambda$executeRecursively$8(NodeTestTask.java:141) ~[junit-platform-engine-1.10.2.jar:1.10.2]
	at org.junit.platform.engine.support.hierarchical.Node.around(Node.java:137) ~[junit-platform-engine-1.10.2.jar:1.10.2]
	at org.junit.platform.engine.support.hierarchical.NodeTestTask.lambda$executeRecursively$9(NodeTestTask.java:139) ~[junit-platform-engine-1.10.2.jar:1.10.2]
	at org.junit.platform.engine.support.hierarchical.ThrowableCollector.execute(ThrowableCollector.java:73) ~[junit-platform-engine-1.10.2.jar:1.10.2]
	at org.junit.platform.engine.support.hierarchical.NodeTestTask.executeRecursively(NodeTestTask.java:138) ~[junit-platform-engine-1.10.2.jar:1.10.2]
	at org.junit.platform.engine.support.hierarchical.NodeTestTask.execute(NodeTestTask.java:95) ~[junit-platform-engine-1.10.2.jar:1.10.2]
	at org.junit.platform.engine.support.hierarchical.SameThreadHierarchicalTestExecutorService.submit(SameThreadHierarchicalTestExecutorService.java:35) ~[junit-platform-engine-1.10.2.jar:1.10.2]
	at org.junit.platform.engine.support.hierarchical.HierarchicalTestExecutor.execute(HierarchicalTestExecutor.java:57) ~[junit-platform-engine-1.10.2.jar:1.10.2]
	at org.junit.platform.engine.support.hierarchical.HierarchicalTestEngine.execute(HierarchicalTestEngine.java:54) ~[junit-platform-engine-1.10.2.jar:1.10.2]
	at org.junit.platform.launcher.core.EngineExecutionOrchestrator.execute(EngineExecutionOrchestrator.java:198) ~[junit-platform-launcher-1.10.2.jar:1.10.2]
	at org.junit.platform.launcher.core.EngineExecutionOrchestrator.execute(EngineExecutionOrchestrator.java:169) ~[junit-platform-launcher-1.10.2.jar:1.10.2]
	at org.junit.platform.launcher.core.EngineExecutionOrchestrator.execute(EngineExecutionOrchestrator.java:93) ~[junit-platform-launcher-1.10.2.jar:1.10.2]
	at org.junit.platform.launcher.core.EngineExecutionOrchestrator.lambda$execute$0(EngineExecutionOrchestrator.java:58) ~[junit-platform-launcher-1.10.2.jar:1.10.2]
	at org.junit.platform.launcher.core.EngineExecutionOrchestrator.withInterceptedStreams(EngineExecutionOrchestrator.java:141) ~[junit-platform-launcher-1.10.2.jar:1.10.2]
	at org.junit.platform.launcher.core.EngineExecutionOrchestrator.execute(EngineExecutionOrchestrator.java:57) ~[junit-platform-launcher-1.10.2.jar:1.10.2]
	at org.junit.platform.launcher.core.DefaultLauncher.execute(DefaultLauncher.java:103) ~[junit-platform-launcher-1.10.2.jar:1.10.2]
	at org.junit.platform.launcher.core.DefaultLauncher.execute(DefaultLauncher.java:85) ~[junit-platform-launcher-1.10.2.jar:1.10.2]
	at org.junit.platform.launcher.core.DelegatingLauncher.execute(DelegatingLauncher.java:47) ~[junit-platform-launcher-1.10.2.jar:1.10.2]
	at org.apache.maven.surefire.junitplatform.LazyLauncher.execute(LazyLauncher.java:56) ~[surefire-junit-platform-3.1.2.jar:3.1.2]
	at org.apache.maven.surefire.junitplatform.JUnitPlatformProvider.execute(JUnitPlatformProvider.java:184) ~[surefire-junit-platform-3.1.2.jar:3.1.2]
	at org.apache.maven.surefire.junitplatform.JUnitPlatformProvider.invokeAllTests(JUnitPlatformProvider.java:148) ~[surefire-junit-platform-3.1.2.jar:3.1.2]
	at org.apache.maven.surefire.junitplatform.JUnitPlatformProvider.invoke(JUnitPlatformProvider.java:122) ~[surefire-junit-platform-3.1.2.jar:3.1.2]
	at org.apache.maven.surefire.booter.ForkedBooter.runSuitesInProcess(ForkedBooter.java:385) ~[surefire-booter-3.1.2.jar:3.1.2]
	at org.apache.maven.surefire.booter.ForkedBooter.execute(ForkedBooter.java:162) ~[surefire-booter-3.1.2.jar:3.1.2]
	at org.apache.maven.surefire.booter.ForkedBooter.run(ForkedBooter.java:507) ~[surefire-booter-3.1.2.jar:3.1.2]
	at org.apache.maven.surefire.booter.ForkedBooter.main(ForkedBooter.java:495) ~[surefire-booter-3.1.2.jar:3.1.2]
Caused by: java.sql.SQLSyntaxErrorException: Table 'springdrugs.member_drug_stocks' doesn't exist
	at com.mysql.cj.jdbc.exceptions.SQLError.createSQLException(SQLError.java:121) ~[mysql-connector-j-8.3.0.jar:8.3.0]
	at com.mysql.cj.jdbc.exceptions.SQLExceptionsMapping.translateException(SQLExceptionsMapping.java:122) ~[mysql-connector-j-8.3.0.jar:8.3.0]
	at com.mysql.cj.jdbc.StatementImpl.executeInternal(StatementImpl.java:770) ~[mysql-connector-j-8.3.0.jar:8.3.0]
	at com.mysql.cj.jdbc.StatementImpl.execute(StatementImpl.java:653) ~[mysql-connector-j-8.3.0.jar:8.3.0]
	at com.zaxxer.hikari.pool.ProxyStatement.execute(ProxyStatement.java:94) ~[HikariCP-5.0.1.jar:na]
	at com.zaxxer.hikari.pool.HikariProxyStatement.execute(HikariProxyStatement.java) ~[HikariCP-5.0.1.jar:na]
	at org.hibernate.tool.schema.internal.exec.GenerationTargetToDatabase.accept(GenerationTargetToDatabase.java:80) ~[hibernate-core-6.4.4.Final.jar:6.4.4.Final]
	... 118 common frames omitted

2024-06-07T23:34:53.366+03:00 DEBUG 22132 --- [           main] org.hibernate.SQL                        : 
    drop table if exists _user
Hibernate: 
    drop table if exists _user
2024-06-07T23:34:53.377+03:00 DEBUG 22132 --- [           main] org.hibernate.SQL                        : 
    drop table if exists _user_seq
Hibernate: 
    drop table if exists _user_seq
2024-06-07T23:34:53.383+03:00 DEBUG 22132 --- [           main] org.hibernate.SQL                        : 
    drop table if exists drugs
Hibernate: 
    drop table if exists drugs
2024-06-07T23:34:53.390+03:00 DEBUG 22132 --- [           main] org.hibernate.SQL                        : 
    drop table if exists member_drug_stocks
Hibernate: 
    drop table if exists member_drug_stocks
2024-06-07T23:34:53.409+03:00 DEBUG 22132 --- [           main] org.hibernate.SQL                        : 
    create table _user (
        id integer not null,
        is_active bit not null,
        latitude float(53) not null,
        longitude float(53) not null,
        address varchar(255),
        city varchar(255),
        district varchar(255),
        eczane_adi varchar(255),
        email varchar(255),
        password varchar(255),
        phone_number varchar(255),
        role enum ('ADMIN','MEMBER'),
        primary key (id)
    ) engine=InnoDB
Hibernate: 
    create table _user (
        id integer not null,
        is_active bit not null,
        latitude float(53) not null,
        longitude float(53) not null,
        address varchar(255),
        city varchar(255),
        district varchar(255),
        eczane_adi varchar(255),
        email varchar(255),
        password varchar(255),
        phone_number varchar(255),
        role enum ('ADMIN','MEMBER'),
        primary key (id)
    ) engine=InnoDB
2024-06-07T23:34:53.430+03:00 DEBUG 22132 --- [           main] org.hibernate.SQL                        : 
    create table _user_seq (
        next_val bigint
    ) engine=InnoDB
Hibernate: 
    create table _user_seq (
        next_val bigint
    ) engine=InnoDB
2024-06-07T23:34:53.447+03:00 DEBUG 22132 --- [           main] org.hibernate.SQL                        : 
    insert into _user_seq values ( 1 )
Hibernate: 
    insert into _user_seq values ( 1 )
2024-06-07T23:34:53.454+03:00 DEBUG 22132 --- [           main] org.hibernate.SQL                        : 
    create table drugs (
        search_count integer not null,
        created_at datetime(6),
        id bigint not null auto_increment,
        ilac_adi varchar(255),
        ilac_etken_maddesi varchar(255),
        ilac_grubu varchar(255),
        primary key (id)
    ) engine=InnoDB
Hibernate: 
    create table drugs (
        search_count integer not null,
        created_at datetime(6),
        id bigint not null auto_increment,
        ilac_adi varchar(255),
        ilac_etken_maddesi varchar(255),
        ilac_grubu varchar(255),
        primary key (id)
    ) engine=InnoDB
2024-06-07T23:34:53.474+03:00 DEBUG 22132 --- [           main] org.hibernate.SQL                        : 
    create table member_drug_stocks (
        quantity integer not null,
        user_id integer not null,
        drug_id bigint not null,
        id bigint not null auto_increment,
        primary key (id)
    ) engine=InnoDB
Hibernate: 
    create table member_drug_stocks (
        quantity integer not null,
        user_id integer not null,
        drug_id bigint not null,
        id bigint not null auto_increment,
        primary key (id)
    ) engine=InnoDB
2024-06-07T23:34:53.497+03:00 DEBUG 22132 --- [           main] org.hibernate.SQL                        : 
    alter table _user 
       add constraint UK_s7w02glsbf3ef1skhse3qjyuo unique (eczane_adi)
Hibernate: 
    alter table _user 
       add constraint UK_s7w02glsbf3ef1skhse3qjyuo unique (eczane_adi)
2024-06-07T23:34:53.515+03:00 DEBUG 22132 --- [           main] org.hibernate.SQL                        : 
    alter table drugs 
       add constraint UK_d8gyr48a8gqq8dwy3kq3bcs7j unique (ilac_adi)
Hibernate: 
    alter table drugs 
       add constraint UK_d8gyr48a8gqq8dwy3kq3bcs7j unique (ilac_adi)
2024-06-07T23:34:53.534+03:00 DEBUG 22132 --- [           main] org.hibernate.SQL                        : 
    alter table member_drug_stocks 
       add constraint FK1lhifc9kpe4yq35ei7leqe323 
       foreign key (drug_id) 
       references drugs (id)
Hibernate: 
    alter table member_drug_stocks 
       add constraint FK1lhifc9kpe4yq35ei7leqe323 
       foreign key (drug_id) 
[...]
2024-06-07T23:35:02.497+03:00 DEBUG 22132 --- [           main] org.hibernate.SQL                        : 
    insert 
    into
        member_drug_stocks
        (drug_id, quantity, user_id) 
    values
        (?, ?, ?)
Hibernate: 
    insert 
    into
        member_drug_stocks
        (drug_id, quantity, user_id) 
    values
        (?, ?, ?)
2024-06-07T23:35:02.499+03:00 DEBUG 22132 --- [           main] org.hibernate.SQL                        : 
    insert 
    into
        member_drug_stocks
        (drug_id, quantity, user_id) 
    values
        (?, ?, ?)
Hibernate: 
    insert 
    into
        member_drug_stocks
        (drug_id, quantity, user_id) 
    values
        (?, ?, ?)
2024-06-07T23:35:02.501+03:00 DEBUG 22132 --- [           main] org.hibernate.SQL                        : 
    insert 
    into
        member_drug_stocks
        (drug_id, quantity, user_id) 
    values
        (?, ?, ?)
Hibernate: 
    insert 
    into
        member_drug_stocks
        (drug_id, quantity, user_id) 
    values
        (?, ?, ?)
2024-06-07T23:35:02.504+03:00 DEBUG 22132 --- [           main] org.hibernate.SQL                        : 
    insert 
    into
        member_drug_stocks
        (drug_id, quantity, user_id) 
    values
        (?, ?, ?)
Hibernate: 
    insert 
    into
        member_drug_stocks
        (drug_id, quantity, user_id) 
    values
        (?, ?, ?)
2024-06-07T23:35:02.507+03:00 DEBUG 22132 --- [           main] org.hibernate.SQL                        : 
    insert 
    into
        member_drug_stocks
        (drug_id, quantity, user_id) 
    values
        (?, ?, ?)
Hibernate: 
    insert 
    into
        member_drug_stocks
        (drug_id, quantity, user_id) 
    values
        (?, ?, ?)
2024-06-07T23:35:02.515+03:00 DEBUG 22132 --- [           main] org.hibernate.SQL                        : 
    insert 
    into
        member_drug_stocks
        (drug_id, quantity, user_id) 
    values
        (?, ?, ?)
Hibernate: 
    insert 
    into
        member_drug_stocks
        (drug_id, quantity, user_id) 
    values
        (?, ?, ?)
2024-06-07T23:35:02.517+03:00 DEBUG 22132 --- [           main] org.hibernate.SQL                        : 
    insert 
    into
        member_drug_stocks
        (drug_id, quantity, user_id) 
    values
        (?, ?, ?)
Hibernate: 
    insert 
    into
        member_drug_stocks
        (drug_id, quantity, user_id) 
    values
        (?, ?, ?)
2024-06-07T23:35:02.520+03:00 DEBUG 22132 --- [           main] org.hibernate.SQL                        : 
    insert 
    into
        member_drug_stocks
        (drug_id, quantity, user_id) 
    values
        (?, ?, ?)
Hibernate: 
    insert 
    into
        member_drug_stocks
        (drug_id, quantity, user_id) 
    values
        (?, ?, ?)
2024-06-07T23:35:02.524+03:00 DEBUG 22132 --- [           main] org.hibernate.SQL                        : 
    insert 
    into
        member_drug_stocks
        (drug_id, quantity, user_id) 
    values
        (?, ?, ?)
Hibernate: 
    insert 
    into
        member_drug_stocks
        (drug_id, quantity, user_id) 
    values
        (?, ?, ?)
2024-06-07T23:35:02.530+03:00 DEBUG 22132 --- [           main] org.hibernate.SQL                        : 
    insert 
    into
        member_drug_stocks
        (drug_id, quantity, user_id) 
    values
        (?, ?, ?)
Hibernate: 
    insert 
    into
        member_drug_stocks
        (drug_id, quantity, user_id) 
    values
        (?, ?, ?)
2024-06-07T23:35:02.534+03:00 DEBUG 22132 --- [           main] org.hibernate.SQL                        : 
    insert 
    into
        member_drug_stocks
        (drug_id, quantity, user_id) 
    values
        (?, ?, ?)
Hibernate: 
    insert 
    into
        member_drug_stocks
        (drug_id, quantity, user_id) 
    values
        (?, ?, ?)
2024-06-07T23:35:02.538+03:00 DEBUG 22132 --- [           main] org.hibernate.SQL                        : 
    insert 
    into
        member_drug_stocks
        (drug_id, quantity, user_id) 
    values
        (?, ?, ?)
Hibernate: 
    insert 
    into
        member_drug_stocks
        (drug_id, quantity, user_id) 
    values
        (?, ?, ?)
2024-06-07T23:35:02.541+03:00 DEBUG 22132 --- [           main] org.hibernate.SQL                        : 
    insert 
    into
        member_drug_stocks
        (drug_id, quantity, user_id) 
    values
        (?, ?, ?)
Hibernate: 
    insert 
    into
        member_drug_stocks
        (drug_id, quantity, user_id) 
    values
        (?, ?, ?)
2024-06-07T23:35:02.545+03:00 DEBUG 22132 --- [           main] org.hibernate.SQL                        : 
    insert 
    into
        member_drug_stocks
        (drug_id, quantity, user_id) 
    values
        (?, ?, ?)
Hibernate: 
    insert 
    into
        member_drug_stocks
        (drug_id, quantity, user_id) 
    values
        (?, ?, ?)
2024-06-07T23:35:02.550+03:00 DEBUG 22132 --- [           main] org.hibernate.SQL                        : 
    insert 
    into
        member_drug_stocks
        (drug_id, quantity, user_id) 
    values
        (?, ?, ?)
Hibernate: 
    insert 
    into
        member_drug_stocks
        (drug_id, quantity, user_id) 
    values
        (?, ?, ?)
2024-06-07T23:35:02.557+03:00 DEBUG 22132 --- [           main] org.hibernate.SQL                        : 
    insert 
    into
        member_drug_stocks
        (drug_id, quantity, user_id) 
    values
        (?, ?, ?)
Hibernate: 
    insert 
    into
        member_drug_stocks
        (drug_id, quantity, user_id) 
    values
        (?, ?, ?)
2024-06-07T23:35:02.562+03:00 DEBUG 22132 --- [           main] org.hibernate.SQL                        : 
    insert 
    into
        member_drug_stocks
        (drug_id, quantity, user_id) 
    values
        (?, ?, ?)
Hibernate: 
    insert 
    into
        member_drug_stocks
        (drug_id, quantity, user_id) 
    values
        (?, ?, ?)
2024-06-07T23:35:02.567+03:00 DEBUG 22132 --- [           main] org.hibernate.SQL                        : 
    insert 
    into
        member_drug_stocks
        (drug_id, quantity, user_id) 
    values
        (?, ?, ?)
Hibernate: 
    insert 
    into
        member_drug_stocks
        (drug_id, quantity, user_id) 
    values
        (?, ?, ?)
2024-06-07T23:35:02.571+03:00 DEBUG 22132 --- [           main] org.hibernate.SQL                        : 
    insert 
    into
        member_drug_stocks
        (drug_id, quantity, user_id) 
    values
        (?, ?, ?)
Hibernate: 
    insert 
    into
        member_drug_stocks
        (drug_id, quantity, user_id) 
    values
        (?, ?, ?)
2024-06-07T23:35:02.575+03:00 DEBUG 22132 --- [           main] org.hibernate.SQL                        : 
    insert 
    into
        member_drug_stocks
        (drug_id, quantity, user_id) 
    values
        (?, ?, ?)
Hibernate: 
    insert 
    into
        member_drug_stocks
        (drug_id, quantity, user_id) 
    values
        (?, ?, ?)
2024-06-07T23:35:02.579+03:00 DEBUG 22132 --- [           main] org.hibernate.SQL                        : 
    insert 
    into
        member_drug_stocks
        (drug_id, quantity, user_id) 
    values
        (?, ?, ?)
Hibernate: 
    insert 
    into
        member_drug_stocks
        (drug_id, quantity, user_id) 
    values
        (?, ?, ?)
2024-06-07T23:35:02.582+03:00 DEBUG 22132 --- [           main] org.hibernate.SQL                        : 
    insert 
    into
        member_drug_stocks
        (drug_id, quantity, user_id) 
    values
        (?, ?, ?)
Hibernate: 
    insert 
    into
        member_drug_stocks
        (drug_id, quantity, user_id) 
    values
        (?, ?, ?)
2024-06-07T23:35:02.585+03:00 DEBUG 22132 --- [           main] org.hibernate.SQL                        : 
    insert 
    into
        member_drug_stocks
        (drug_id, quantity, user_id) 
    values
        (?, ?, ?)
Hibernate: 
    insert 
    into
        member_drug_stocks
        (drug_id, quantity, user_id) 
    values
        (?, ?, ?)
2024-06-07T23:35:02.587+03:00 DEBUG 22132 --- [           main] org.hibernate.SQL                        : 
    insert 
    into
        member_drug_stocks
        (drug_id, quantity, user_id) 
    values
        (?, ?, ?)
Hibernate: 
    insert 
    into
        member_drug_stocks
        (drug_id, quantity, user_id) 
    values
        (?, ?, ?)
2024-06-07T23:35:02.591+03:00 DEBUG 22132 --- [           main] org.hibernate.SQL                        : 
    insert 
    into
        member_drug_stocks
        (drug_id, quantity, user_id) 
    values
        (?, ?, ?)
Hibernate: 
    insert 
    into
        member_drug_stocks
        (drug_id, quantity, user_id) 
    values
        (?, ?, ?)
2024-06-07T23:35:02.596+03:00 DEBUG 22132 --- [           main] org.hibernate.SQL                        : 
    insert 
    into
        member_drug_stocks
        (drug_id, quantity, user_id) 
    values
        (?, ?, ?)
Hibernate: 
    insert 
    into
        member_drug_stocks
        (drug_id, quantity, user_id) 
    values
        (?, ?, ?)
2024-06-07T23:35:02.599+03:00 DEBUG 22132 --- [           main] org.hibernate.SQL                        : 
    insert 
    into
        member_drug_stocks
        (drug_id, quantity, user_id) 
    values
        (?, ?, ?)
Hibernate: 
    insert 
    into
        member_drug_stocks
        (drug_id, quantity, user_id) 
    values
        (?, ?, ?)
2024-06-07T23:35:02.602+03:00 DEBUG 22132 --- [           main] org.hibernate.SQL                        : 
    insert 
    into
        member_drug_stocks
        (drug_id, quantity, user_id) 
    values
        (?, ?, ?)
Hibernate: 
    insert 
    into
        member_drug_stocks
        (drug_id, quantity, user_id) 
    values
        (?, ?, ?)
2024-06-07T23:35:02.605+03:00 DEBUG 22132 --- [           main] org.hibernate.SQL                        : 
    insert 
    into
        member_drug_stocks
        (drug_id, quantity, user_id) 
    values
        (?, ?, ?)
Hibernate: 
    insert 
    into
        member_drug_stocks
        (drug_id, quantity, user_id) 
    values
        (?, ?, ?)
2024-06-07T23:35:02.608+03:00 DEBUG 22132 --- [           main] org.hibernate.SQL                        : 
    insert 
    into
        member_drug_stocks
        (drug_id, quantity, user_id) 
    values
        (?, ?, ?)
Hibernate: 
    insert 
    into
        member_drug_stocks
        (drug_id, quantity, user_id) 
    values
        (?, ?, ?)
2024-06-07T23:35:02.613+03:00 DEBUG 22132 --- [           main] org.hibernate.SQL                        : 
    insert 
    into
        member_drug_stocks
        (drug_id, quantity, user_id) 
    values
        (?, ?, ?)
Hibernate: 
    insert 
    into
        member_drug_stocks
        (drug_id, quantity, user_id) 
    values
        (?, ?, ?)
2024-06-07T23:35:02.616+03:00 DEBUG 22132 --- [           main] org.hibernate.SQL                        : 
    insert 
    into
        member_drug_stocks
        (drug_id, quantity, user_id) 
    values
        (?, ?, ?)
Hibernate: 
    insert 
    into
        member_drug_stocks
        (drug_id, quantity, user_id) 
    values
        (?, ?, ?)
2024-06-07T23:35:02.620+03:00 DEBUG 22132 --- [           main] org.hibernate.SQL                        : 
    insert 
    into
        member_drug_stocks
        (drug_id, quantity, user_id) 
    values
        (?, ?, ?)
Hibernate: 
    insert 
    into
        member_drug_stocks
        (drug_id, quantity, user_id) 
    values
        (?, ?, ?)
2024-06-07T23:35:02.623+03:00 DEBUG 22132 --- [           main] org.hibernate.SQL                        : 
    insert 
    into
        member_drug_stocks
        (drug_id, quantity, user_id) 
    values
        (?, ?, ?)
Hibernate: 
    insert 
    into
        member_drug_stocks
        (drug_id, quantity, user_id) 
    values
        (?, ?, ?)
2024-06-07T23:35:02.626+03:00 DEBUG 22132 --- [           main] org.hibernate.SQL                        : 
    insert 
    into
        member_drug_stocks
        (drug_id, quantity, user_id) 
    values
        (?, ?, ?)
Hibernate: 
    insert 
    into
        member_drug_stocks
        (drug_id, quantity, user_id) 
    values
        (?, ?, ?)
2024-06-07T23:35:02.633+03:00 DEBUG 22132 --- [           main] org.hibernate.SQL                        : 
    insert 
    into
        member_drug_stocks
        (drug_id, quantity, user_id) 
    values
        (?, ?, ?)
Hibernate: 
    insert 
    into
        member_drug_stocks
        (drug_id, quantity, user_id) 
    values
        (?, ?, ?)
2024-06-07T23:35:02.639+03:00 DEBUG 22132 --- [           main] org.hibernate.SQL                        : 
    insert 
    into
        member_drug_stocks
        (drug_id, quantity, user_id) 
    values
        (?, ?, ?)
Hibernate: 
    insert 
    into
        member_drug_stocks
        (drug_id, quantity, user_id) 
    values
        (?, ?, ?)
2024-06-07T23:35:02.645+03:00 DEBUG 22132 --- [           main] org.hibernate.SQL                        : 
    insert 
    into
        member_drug_stocks
        (drug_id, quantity, user_id) 
    values
        (?, ?, ?)
Hibernate: 
    insert 
    into
        member_drug_stocks
        (drug_id, quantity, user_id) 
    values
        (?, ?, ?)
2024-06-07T23:35:02.650+03:00 DEBUG 22132 --- [           main] org.hibernate.SQL                        : 
    insert 
    into
        member_drug_stocks
        (drug_id, quantity, user_id) 
    values
        (?, ?, ?)
Hibernate: 
    insert 
    into
        member_drug_stocks
        (drug_id, quantity, user_id) 
    values
        (?, ?, ?)
2024-06-07T23:35:02.657+03:00 DEBUG 22132 --- [           main] org.hibernate.SQL                        : 
    insert 
    into
        member_drug_stocks
        (drug_id, quantity, user_id) 
    values
        (?, ?, ?)
Hibernate: 
    insert 
    into
        member_drug_stocks
        (drug_id, quantity, user_id) 
    values
        (?, ?, ?)
2024-06-07T23:35:02.662+03:00 DEBUG 22132 --- [           main] org.hibernate.SQL                        : 
    insert 
    into
        member_drug_stocks
        (drug_id, quantity, user_id) 
    values
        (?, ?, ?)
Hibernate: 
    insert 
    into
        member_drug_stocks
        (drug_id, quantity, user_id) 
    values
        (?, ?, ?)
2024-06-07T23:35:02.666+03:00 DEBUG 22132 --- [           main] org.hibernate.SQL                        : 
    insert 
    into
        member_drug_stocks
        (drug_id, quantity, user_id) 
    values
        (?, ?, ?)
Hibernate: 
    insert 
    into
        member_drug_stocks
        (drug_id, quantity, user_id) 
    values
        (?, ?, ?)
2024-06-07T23:35:02.670+03:00 DEBUG 22132 --- [           main] org.hibernate.SQL                        : 
    insert 
    into
        member_drug_stocks
        (drug_id, quantity, user_id) 
    values
        (?, ?, ?)
Hibernate: 
    insert 
    into
        member_drug_stocks
        (drug_id, quantity, user_id) 
    values
        (?, ?, ?)
2024-06-07T23:35:02.676+03:00 DEBUG 22132 --- [           main] org.hibernate.SQL                        : 
    insert 
    into
        member_drug_stocks
        (drug_id, quantity, user_id) 
    values
        (?, ?, ?)
Hibernate: 
    insert 
    into
        member_drug_stocks
        (drug_id, quantity, user_id) 
    values
        (?, ?, ?)
2024-06-07T23:35:02.681+03:00 DEBUG 22132 --- [           main] org.hibernate.SQL                        : 
    insert 
    into
        member_drug_stocks
        (drug_id, quantity, user_id) 
    values
        (?, ?, ?)
Hibernate: 
    insert 
    into
        member_drug_stocks
        (drug_id, quantity, user_id) 
    values
        (?, ?, ?)
2024-06-07T23:35:02.685+03:00 DEBUG 22132 --- [           main] org.hibernate.SQL                        : 
    insert 
    into
        member_drug_stocks
        (drug_id, quantity, user_id) 
    values
        (?, ?, ?)
Hibernate: 
    insert 
    into
        member_drug_stocks
        (drug_id, quantity, user_id) 
    values
        (?, ?, ?)
2024-06-07T23:35:02.688+03:00 DEBUG 22132 --- [           main] org.hibernate.SQL                        : 
    insert 
    into
        member_drug_stocks
        (drug_id, quantity, user_id) 
    values
        (?, ?, ?)
Hibernate: 
    insert 
    into
        member_drug_stocks
        (drug_id, quantity, user_id) 
    values
        (?, ?, ?)
2024-06-07T23:35:02.692+03:00 DEBUG 22132 --- [           main] org.hibernate.SQL                        : 
    insert 
    into
        member_drug_stocks
        (drug_id, quantity, user_id) 
    values
        (?, ?, ?)
Hibernate: 
    insert 
    into
        member_drug_stocks
        (drug_id, quantity, user_id) 
    values
        (?, ?, ?)
2024-06-07T23:35:02.697+03:00 DEBUG 22132 --- [           main] org.hibernate.SQL                        : 
    insert 
    into
        member_drug_stocks
        (drug_id, quantity, user_id) 
    values
        (?, ?, ?)
Hibernate: 
    insert 
    into
        member_drug_stocks
        (drug_id, quantity, user_id) 
    values
        (?, ?, ?)
2024-06-07T23:35:02.701+03:00 DEBUG 22132 --- [           main] org.hibernate.SQL                        : 
    insert 
    into
        member_drug_stocks
        (drug_id, quantity, user_id) 
    values
        (?, ?, ?)
Hibernate: 
    insert 
    into
        member_drug_stocks
        (drug_id, quantity, user_id) 
    values
        (?, ?, ?)
2024-06-07T23:35:02.704+03:00 DEBUG 22132 --- [           main] org.hibernate.SQL                        : 
    insert 
    into
        member_drug_stocks
        (drug_id, quantity, user_id) 
    values
        (?, ?, ?)
Hibernate: 
    insert 
    into
        member_drug_stocks
        (drug_id, quantity, user_id) 
    values
        (?, ?, ?)
2024-06-07T23:35:02.708+03:00 DEBUG 22132 --- [           main] org.hibernate.SQL                        : 
    insert 
    into
        member_drug_stocks
        (drug_id, quantity, user_id) 
    values
        (?, ?, ?)
Hibernate: 
    insert 
    into
        member_drug_stocks
        (drug_id, quantity, user_id) 
    values
        (?, ?, ?)
2024-06-07T23:35:02.713+03:00 DEBUG 22132 --- [           main] org.hibernate.SQL                        : 
    insert 
    into
        member_drug_stocks
        (drug_id, quantity, user_id) 
    values
        (?, ?, ?)
Hibernate: 
    insert 
    into
        member_drug_stocks
        (drug_id, quantity, user_id) 
    values
        (?, ?, ?)
2024-06-07T23:35:02.717+03:00 DEBUG 22132 --- [           main] org.hibernate.SQL                        : 
    insert 
    into
        member_drug_stocks
        (drug_id, quantity, user_id) 
    values
        (?, ?, ?)
Hibernate: 
    insert 
    into
        member_drug_stocks
        (drug_id, quantity, user_id) 
    values
        (?, ?, ?)
2024-06-07T23:35:02.721+03:00 DEBUG 22132 --- [           main] org.hibernate.SQL                        : 
    insert 
    into
        member_drug_stocks
        (drug_id, quantity, user_id) 
    values
        (?, ?, ?)
Hibernate: 
    insert 
    into
        member_drug_stocks
        (drug_id, quantity, user_id) 
    values
        (?, ?, ?)
2024-06-07T23:35:02.725+03:00 DEBUG 22132 --- [           main] org.hibernate.SQL                        : 
    insert 
    into
        member_drug_stocks
        (drug_id, quantity, user_id) 
    values
        (?, ?, ?)
Hibernate: 
    insert 
    into
        member_drug_stocks
        (drug_id, quantity, user_id) 
    values
        (?, ?, ?)
2024-06-07T23:35:02.730+03:00 DEBUG 22132 --- [           main] org.hibernate.SQL                        : 
    insert 
    into
        member_drug_stocks
        (drug_id, quantity, user_id) 
    values
        (?, ?, ?)
Hibernate: 
    insert 
    into
        member_drug_stocks
        (drug_id, quantity, user_id) 
    values
        (?, ?, ?)
]]></system-out>
  </testcase>
</testsuite>